This is pdfTeXk, Version 3.1415926-1.40.9 (Web2C 7.5.7) (format=pdflatex 2008.10.24)  8 JUN 2009 15:34
entering extended mode
 %&-line parsing enabled.
**paper-Solutions.tex
(./paper-Solutions.tex
LaTeX2e <2005/12/01>
Babel <v3.8l> and hyphenation patterns for english, usenglishmax, dumylang, noh
yphenation, german-x-2008-06-18, ngerman-x-2008-06-18, ancientgreek, ibycus, ar
abic, basque, bulgarian, catalan, pinyin, coptic, croatian, czech, danish, dutc
h, esperanto, estonian, farsi, finnish, french, galician, german, ngerman, mono
greek, greek, hungarian, icelandic, indonesian, interlingua, irish, italian, la
tin, mongolian, mongolian2a, bokmal, nynorsk, polish, portuguese, romanian, rus
sian, sanskrit, serbian, slovak, slovenian, spanish, swedish, turkish, ukenglis
h, ukrainian, uppersorbian, welsh, loaded.
(./ditpaper.cls
Document Class: ditpaper 2004/08/19 (C) Emmet Caulfield
(/usr/local/texlive/2008/texmf-dist/tex/latex/fancyhdr/fancyhdr.sty
\fancy@headwidth=\skip41
\f@ncyO@elh=\skip42
\f@ncyO@erh=\skip43
\f@ncyO@olh=\skip44
\f@ncyO@orh=\skip45
\f@ncyO@elf=\skip46
\f@ncyO@erf=\skip47
\f@ncyO@olf=\skip48
\f@ncyO@orf=\skip49
)
(/usr/local/texlive/2008/texmf-dist/tex/latex/psnfss/times.sty
Package: times 2005/04/12 PSNFSS-v9.2a (SPQR) 
)
(/usr/local/texlive/2008/texmf-dist/tex/latex/base/article.cls
Document Class: article 2005/09/16 v1.4f Standard LaTeX document class
(/usr/local/texlive/2008/texmf-dist/tex/latex/base/size10.clo
File: size10.clo 2005/09/16 v1.4f Standard LaTeX file (size option)
)
\c@part=\count79
\c@section=\count80
\c@subsection=\count81
\c@subsubsection=\count82
\c@paragraph=\count83
\c@subparagraph=\count84
\c@figure=\count85
\c@table=\count86
\abovecaptionskip=\skip50
\belowcaptionskip=\skip51
\bibindent=\dimen102
)
(./pdfdraftcopy.sty
Package: pdfdraftcopy 2003/08/11 1.2 Draft copy in PDF (CVR)


Package pdfdraftcopy Warning: ****************************************
(pdfdraftcopy)                Package pdfdraftcopy v,1.2 loaded
(pdfdraftcopy)                [Draft copy in PDF (CVR)]
(pdfdraftcopy)                ****************************************.

(/usr/local/texlive/2008/texmf-dist/tex/latex/graphics/color.sty
Package: color 2005/11/14 v1.0j Standard LaTeX Color (DPC)

(/usr/local/texlive/2008/texmf/tex/latex/config/color.cfg
File: color.cfg 2007/01/18 v1.5 color configuration of teTeX/TeXLive
)
Package color Info: Driver file: pdftex.def on input line 130.

(/usr/local/texlive/2008/texmf-dist/tex/latex/pdftex-def/pdftex.def
File: pdftex.def 2008/07/16 v0.04k Graphics/color for pdfTeX
\Gread@gobject=\count87
))
(/usr/local/texlive/2008/texmf-dist/tex/latex/graphics/graphicx.sty
Package: graphicx 1999/02/16 v1.0f Enhanced LaTeX Graphics (DPC,SPQR)

(/usr/local/texlive/2008/texmf-dist/tex/latex/graphics/keyval.sty
Package: keyval 1999/03/16 v1.13 key=value parser (DPC)
\KV@toks@=\toks14
)
(/usr/local/texlive/2008/texmf-dist/tex/latex/graphics/graphics.sty
Package: graphics 2006/02/20 v1.0o Standard LaTeX Graphics (DPC,SPQR)

(/usr/local/texlive/2008/texmf-dist/tex/latex/graphics/trig.sty
Package: trig 1999/03/16 v1.09 sin cos tan (DPC)
)
(/usr/local/texlive/2008/texmf/tex/latex/config/graphics.cfg
File: graphics.cfg 2007/01/18 v1.5 graphics configuration of teTeX/TeXLive
)
Package graphics Info: Driver file: pdftex.def on input line 90.
)
\Gin@req@height=\dimen103
\Gin@req@width=\dimen104
)
\LLY=\dimen105
\LLX=\dimen106
\URX=\dimen107
\URY=\dimen108
\topmargin=\dimen109
\bottommargin=\dimen110
)
\answidth=\skip52
\anspadding=\skip53
\answerbox=\box26
)
(/usr/local/texlive/2008/texmf-dist/tex/latex/multirow/multirow.sty
\bigstrutjot=\dimen111
)
(/usr/local/texlive/2008/texmf-dist/tex/generic/epsf/epsf.sty
This is `epsf.tex' v2.7.3 <23 July 2005>
\epsffilein=\read1
\epsfframemargin=\dimen112
\epsfframethickness=\dimen113
\epsfrsize=\dimen114
\epsftmp=\dimen115
\epsftsize=\dimen116
\epsfxsize=\dimen117
\epsfysize=\dimen118
\pspoints=\dimen119
) (/usr/local/texlive/2008/texmf-dist/tex/latex/base/fleqn.sty

LaTeX Warning: inputting `fleqn.clo' instead of obsolete `fleqn.sty'.

(/usr/local/texlive/2008/texmf-dist/tex/latex/base/fleqn.clo
File: fleqn.clo 1998/08/17 v1.1c Standard LaTeX option (flush left equations)
\mathindent=\dimen120
))
(/usr/local/texlive/2008/texmf-dist/tex/latex/ltxmisc/ulem.sty
\UL@box=\box27
\UL@hyphenbox=\box28
\UL@skip=\skip54
\UL@hook=\toks15
\UL@pe=\count88
\UL@pixel=\dimen121
\ULC@box=\box29
Package: ulem 2000/05/26
\ULdepth=\dimen122
)
(./paper-Solutions.aux)
\openout1 = `paper-Solutions.aux'.

LaTeX Font Info:    Checking defaults for OML/cmm/m/it on input line 126.
LaTeX Font Info:    ... okay on input line 126.
LaTeX Font Info:    Checking defaults for T1/cmr/m/n on input line 126.
LaTeX Font Info:    ... okay on input line 126.
LaTeX Font Info:    Checking defaults for OT1/cmr/m/n on input line 126.
LaTeX Font Info:    ... okay on input line 126.
LaTeX Font Info:    Checking defaults for OMS/cmsy/m/n on input line 126.
LaTeX Font Info:    ... okay on input line 126.
LaTeX Font Info:    Checking defaults for OMX/cmex/m/n on input line 126.
LaTeX Font Info:    ... okay on input line 126.
LaTeX Font Info:    Checking defaults for U/cmr/m/n on input line 126.
LaTeX Font Info:    ... okay on input line 126.
LaTeX Font Info:    Try loading font information for OT1+ptm on input line 126.


(/usr/local/texlive/2008/texmf-dist/tex/latex/psnfss/ot1ptm.fd
File: ot1ptm.fd 2001/06/04 font definitions for OT1/ptm.
)
(/usr/local/texlive/2008/texmf-dist/tex/context/base/supp-pdf.tex
[Loading MPS to PDF converter (version 2006.09.02).]
\scratchcounter=\count89
\scratchdimen=\dimen123
\scratchbox=\box30
\nofMPsegments=\count90
\nofMParguments=\count91
\everyMPshowfont=\toks16
\MPscratchCnt=\count92
\MPscratchDim=\dimen124
\MPnumerator=\count93
\everyMPtoPDFconversion=\toks17
)
\saved@parskip=\skip55
LaTeX Font Info:    Font shape `OT1/ptm/bx/n' in size <10> not available
(Font)              Font shape `OT1/ptm/b/n' tried instead on input line 126.
LaTeX Font Info:    Font shape `OT1/ptm/bx/n' in size <20.74> not available
(Font)              Font shape `OT1/ptm/b/n' tried instead on input line 126.
LaTeX Font Info:    Font shape `OT1/ptm/bx/n' in size <12> not available
(Font)              Font shape `OT1/ptm/b/n' tried instead on input line 126.
LaTeX Font Info:    Font shape `OT1/ptm/bx/n' in size <14.4> not available
(Font)              Font shape `OT1/ptm/b/n' tried instead on input line 126.
LaTeX Font Info:    Font shape `OT1/ptm/bx/it' in size <24.88> not available
(Font)              Font shape `OT1/ptm/b/it' tried instead on input line 126.
LaTeX Font Info:    Font shape `OT1/ptm/bx/sc' in size <14.4> not available
(Font)              Font shape `OT1/ptm/b/sc' tried instead on input line 126.
 [1{/usr/local/texlive/2008/texmf-var/fonts/map/pdftex/updmap/pdftex.map}

]
LaTeX Font Info:    Try loading font information for OT1+phv on input line 134.


(/usr/local/texlive/2008/texmf-dist/tex/latex/psnfss/ot1phv.fd
File: ot1phv.fd 2001/06/04 scalable font definitions for OT1/phv.
)
LaTeX Font Info:    External font `cmex10' loaded for size
(Font)              <7> on input line 136.
LaTeX Font Info:    External font `cmex10' loaded for size
(Font)              <5> on input line 136.

Underfull \hbox (badness 10000) in paragraph at lines 136--137

 []


Underfull \hbox (badness 10000) in paragraph at lines 142--143

 []

LaTeX Font Info:    Try loading font information for OMS+phv on input line 150.

(/usr/local/texlive/2008/texmf-dist/tex/latex/psnfss/omsphv.fd
File: omsphv.fd 
)
LaTeX Font Info:    Font shape `OMS/phv/m/n' in size <10> not available
(Font)              Font shape `OMS/cmsy/m/n' tried instead on input line 150.

Underfull \hbox (badness 10000) in paragraph at lines 153--154

 []

Missing character: There is no Ò in font phvr7t!
Missing character: There is no Ó in font phvr7t!
Missing character: There is no Ð in font phvr7t!

Underfull \hbox (badness 10000) in paragraph at lines 163--164

 []


Underfull \hbox (badness 10000) in paragraph at lines 169--170

 []


Underfull \hbox (badness 10000) in paragraph at lines 176--177

 []

[1]
Underfull \hbox (badness 10000) in paragraph at lines 187--188

 []

<./images/xor-mlp.png, id=15, 655.44875pt x 231.86626pt>
File: ./images/xor-mlp.png Graphic file (type png)

<use ./images/xor-mlp.png>
Underfull \hbox (badness 10000) in paragraph at lines 194--195

 []

[2 <./images/xor-mlp.png>]
<./images/callan-chap5-q4.png, id=21, 309.3156pt x 237.5274pt>
File: ./images/callan-chap5-q4.png Graphic file (type png)

<use ./images/callan-chap5-q4.png>
Underfull \hbox (badness 10000) in paragraph at lines 215--216

 []


LaTeX Font Warning: Command \Huge invalid in math mode on input line 221.

LaTeX Font Info:    External font `cmex10' loaded for size
(Font)              <24.88> on input line 221.
LaTeX Font Info:    External font `cmex10' loaded for size
(Font)              <20.74> on input line 221.
LaTeX Font Info:    External font `cmex10' loaded for size
(Font)              <17.28> on input line 221.

LaTeX Font Warning: Command \Huge invalid in math mode on input line 223.


LaTeX Font Warning: Command \Huge invalid in math mode on input line 223.


Underfull \hbox (badness 10000) in paragraph at lines 221--225
[][]\OML/cmm/m/it/10 P\OT1/cmr/m/n/10 (\OML/cmm/m/it/10 x[]\OMS/cmsy/m/n/10 j\O
ML/cmm/m/it/10 x[]; [] ; x[]\OT1/cmr/m/n/10 ) = [][]\OML/cmm/m/it/10 P\OT1/cmr/
m/n/10 (\OML/cmm/m/it/10 x[]\OMS/cmsy/m/n/10 j\OML/cmm/m/it/10 parents\OT1/cmr/
m/n/10 (\OML/cmm/m/it/10 X[]\OT1/cmr/m/n/10 ))$\OT1/phv/m/n/10 . So
 []


Underfull \hbox (badness 10000) in paragraph at lines 221--225
\OT1/phv/m/n/10 the joint prob-a-bil-ity dis-tri-bu-tion for the given net-work
 is:
 []


Underfull \hbox (badness 10000) in paragraph at lines 225--226

 []


Underfull \hbox (badness 10000) in paragraph at lines 237--238

 []

LaTeX Font Info:    Font shape `OT1/phv/m/it' in size <10> not available
(Font)              Font shape `OT1/phv/m/sl' tried instead on input line 239.

LaTeX Font Warning: Command \Huge invalid in math mode on input line 239.

LaTeX Font Info:    Font shape `OT1/phv/m/it' in size <24.88> not available
(Font)              Font shape `OT1/phv/m/sl' tried instead on input line 239.
LaTeX Font Info:    Font shape `OT1/phv/bx/n' in size <10> not available
(Font)              Font shape `OT1/phv/b/n' tried instead on input line 242.
[3 <./images/callan-chap5-q4.png>] [4]
Missing character: There is no Ð in font phvr7t!

Underfull \hbox (badness 10000) in paragraph at lines 264--265

 []

Missing character: There is no Þ in font phvr7t!

Underfull \hbox (badness 10000) in paragraph at lines 270--271

 []


Underfull \hbox (badness 10000) in paragraph at lines 315--316

 []

[5] <./images/linear-separator.png, id=39, 118.4425pt x 118.4425pt>
File: ./images/linear-separator.png Graphic file (type png)

<use ./images/linear-separator.png>
Underfull \hbox (badness 10000) in paragraph at lines 328--329

 []

<./images/perceptron-linear.png, id=40, 320.19624pt x 110.4125pt>
File: ./images/perceptron-linear.png Graphic file (type png)

<use ./images/perceptron-linear.png>
Underfull \hbox (badness 10000) in paragraph at lines 340--341

 []


Underfull \hbox (badness 10000) in paragraph at lines 345--346

 []

[6] [7 <./images/linear-separator.png> <./images/perceptron-linear.png>]
Underfull \hbox (badness 10000) in paragraph at lines 364--365

 []

[8] (./paper-Solutions.aux) ) 
Here is how much of TeX's memory you used:
 1553 strings out of 493886
 19983 string characters out of 1151098
 79437 words of memory out of 3000000
 4814 multiletter control sequences out of 10000+50000
 29765 words of font info for 54 fonts, out of 3000000 for 5000
 714 hyphenation exceptions out of 8191
 39i,11n,45p,795b,495s stack positions out of 5000i,500n,10000p,200000b,50000s
{/usr/local/texlive/2008/texmf-dist/fonts/enc/dvip
s/base/8r.enc}</usr/local/texlive/2008/texmf-dist/fonts/type1/bluesky/cm/cmex10
.pfb></usr/local/texlive/2008/texmf-dist/fonts/type1/bluesky/cm/cmmi10.pfb></us
r/local/texlive/2008/texmf-dist/fonts/type1/bluesky/cm/cmmi5.pfb></usr/local/te
xlive/2008/texmf-dist/fonts/type1/bluesky/cm/cmmi7.pfb></usr/local/texlive/2008
/texmf-dist/fonts/type1/bluesky/cm/cmr10.pfb></usr/local/texlive/2008/texmf-dis
t/fonts/type1/bluesky/cm/cmr17.pfb></usr/local/texlive/2008/texmf-dist/fonts/ty
pe1/bluesky/cm/cmr7.pfb></usr/local/texlive/2008/texmf-dist/fonts/type1/bluesky
/cm/cmsy10.pfb></usr/local/texlive/2008/texmf-dist/fonts/type1/bluesky/cm/cmsy7
.pfb></usr/local/texlive/2008/texmf-dist/fonts/type1/urw/helvetic/uhvb8a.pfb></
usr/local/texlive/2008/texmf-dist/fonts/type1/urw/helvetic/uhvr8a.pfb></usr/loc
al/texlive/2008/texmf-dist/fonts/type1/urw/helvetic/uhvro8a.pfb></usr/local/tex
live/2008/texmf-dist/fonts/type1/urw/times/utmb8a.pfb></usr/local/texlive/2008/
texmf-dist/fonts/type1/urw/times/utmbi8a.pfb></usr/local/texlive/2008/texmf-dis
t/fonts/type1/urw/times/utmr8a.pfb>
Output written on paper-Solutions.pdf (9 pages, 182880 bytes).
PDF statistics:
 102 PDF objects out of 1000 (max. 8388607)
 0 named destinations out of 1000 (max. 131072)
 21 words of extra memory for PDF output out of 10000 (max. 10000000)

