This is pdfTeXk, Version 3.141592-1.40.3 (Web2C 7.5.6) (format=pdflatex 2007.12.13)  28 MAR 2010 13:38
entering extended mode
 %&-line parsing enabled.
**paper-Solutions.tex
(./paper-Solutions.tex
LaTeX2e <2005/12/01>
Babel <v3.8h> and hyphenation patterns for english, usenglishmax, dumylang, noh
yphenation, arabic, basque, bulgarian, coptic, welsh, czech, slovak, german, ng
erman, danish, esperanto, spanish, catalan, galician, estonian, farsi, finnish,
 french, greek, monogreek, ancientgreek, croatian, hungarian, interlingua, ibyc
us, indonesian, icelandic, italian, latin, mongolian, dutch, norsk, polish, por
tuguese, pinyin, romanian, russian, slovenian, uppersorbian, serbian, swedish, 
turkish, ukenglish, ukrainian, loaded.
(./ditpaper.cls
Document Class: ditpaper 2004/08/19 (C) Emmet Caulfield
(/usr/local/texlive/2007/texmf-dist/tex/latex/fancyhdr/fancyhdr.sty
\fancy@headwidth=\skip41
\f@ncyO@elh=\skip42
\f@ncyO@erh=\skip43
\f@ncyO@olh=\skip44
\f@ncyO@orh=\skip45
\f@ncyO@elf=\skip46
\f@ncyO@erf=\skip47
\f@ncyO@olf=\skip48
\f@ncyO@orf=\skip49
)
(/usr/local/texlive/2007/texmf-dist/tex/latex/psnfss/times.sty
Package: times 2005/04/12 PSNFSS-v9.2a (SPQR) 
)
(/usr/local/texlive/2007/texmf-dist/tex/latex/base/article.cls
Document Class: article 2005/09/16 v1.4f Standard LaTeX document class
(/usr/local/texlive/2007/texmf-dist/tex/latex/base/size10.clo
File: size10.clo 2005/09/16 v1.4f Standard LaTeX file (size option)
)
\c@part=\count79
\c@section=\count80
\c@subsection=\count81
\c@subsubsection=\count82
\c@paragraph=\count83
\c@subparagraph=\count84
\c@figure=\count85
\c@table=\count86
\abovecaptionskip=\skip50
\belowcaptionskip=\skip51
\bibindent=\dimen102
)
(./pdfdraftcopy.sty
Package: pdfdraftcopy 2003/08/11 1.2 Draft copy in PDF (CVR)


Package pdfdraftcopy Warning: ****************************************
(pdfdraftcopy)                Package pdfdraftcopy v,1.2 loaded
(pdfdraftcopy)                [Draft copy in PDF (CVR)]
(pdfdraftcopy)                ****************************************.

(/usr/local/texlive/2007/texmf-dist/tex/latex/graphics/color.sty
Package: color 2005/11/14 v1.0j Standard LaTeX Color (DPC)

(/usr/local/texlive/2007/texmf/tex/latex/config/color.cfg
File: color.cfg 2007/01/18 v1.5 color configuration of teTeX/TeXLive
)
Package color Info: Driver file: pdftex.def on input line 130.

(/usr/local/texlive/2007/texmf-dist/tex/latex/pdftex-def/pdftex.def
File: pdftex.def 2007/01/08 v0.04d Graphics/color for pdfTeX
\Gread@gobject=\count87
))
(/usr/local/texlive/2007/texmf-dist/tex/latex/graphics/graphicx.sty
Package: graphicx 1999/02/16 v1.0f Enhanced LaTeX Graphics (DPC,SPQR)

(/usr/local/texlive/2007/texmf-dist/tex/latex/graphics/keyval.sty
Package: keyval 1999/03/16 v1.13 key=value parser (DPC)
\KV@toks@=\toks14
)
(/usr/local/texlive/2007/texmf-dist/tex/latex/graphics/graphics.sty
Package: graphics 2006/02/20 v1.0o Standard LaTeX Graphics (DPC,SPQR)

(/usr/local/texlive/2007/texmf-dist/tex/latex/graphics/trig.sty
Package: trig 1999/03/16 v1.09 sin cos tan (DPC)
)
(/usr/local/texlive/2007/texmf/tex/latex/config/graphics.cfg
File: graphics.cfg 2007/01/18 v1.5 graphics configuration of teTeX/TeXLive
)
Package graphics Info: Driver file: pdftex.def on input line 90.
)
\Gin@req@height=\dimen103
\Gin@req@width=\dimen104
)
\LLY=\dimen105
\LLX=\dimen106
\URX=\dimen107
\URY=\dimen108
\topmargin=\dimen109
\bottommargin=\dimen110
)
\answidth=\skip52
\anspadding=\skip53
\answerbox=\box26
)
(./paper-Solutions.aux)
\openout1 = `paper-Solutions.aux'.

LaTeX Font Info:    Checking defaults for OML/cmm/m/it on input line 30.
LaTeX Font Info:    ... okay on input line 30.
LaTeX Font Info:    Checking defaults for T1/cmr/m/n on input line 30.
LaTeX Font Info:    ... okay on input line 30.
LaTeX Font Info:    Checking defaults for OT1/cmr/m/n on input line 30.
LaTeX Font Info:    ... okay on input line 30.
LaTeX Font Info:    Checking defaults for OMS/cmsy/m/n on input line 30.
LaTeX Font Info:    ... okay on input line 30.
LaTeX Font Info:    Checking defaults for OMX/cmex/m/n on input line 30.
LaTeX Font Info:    ... okay on input line 30.
LaTeX Font Info:    Checking defaults for U/cmr/m/n on input line 30.
LaTeX Font Info:    ... okay on input line 30.
LaTeX Font Info:    Try loading font information for OT1+ptm on input line 30.

(/usr/local/texlive/2007/texmf-dist/tex/latex/psnfss/ot1ptm.fd
File: ot1ptm.fd 2001/06/04 font definitions for OT1/ptm.
)
(/usr/local/texlive/2007/texmf-dist/tex/context/base/supp-pdf.tex
[Loading MPS to PDF converter (version 2006.09.02).]
\scratchcounter=\count88
\scratchdimen=\dimen111
\scratchbox=\box27
\nofMPsegments=\count89
\nofMParguments=\count90
\MPscratchCnt=\count91
\MPscratchDim=\dimen112
\MPnumerator=\count92
\everyMPtoPDFconversion=\toks15
)
\saved@parskip=\skip54
LaTeX Font Info:    Font shape `OT1/ptm/bx/n' in size <10> not available
(Font)              Font shape `OT1/ptm/b/n' tried instead on input line 30.
LaTeX Font Info:    Font shape `OT1/ptm/bx/n' in size <20.74> not available
(Font)              Font shape `OT1/ptm/b/n' tried instead on input line 30.
LaTeX Font Info:    Font shape `OT1/ptm/bx/n' in size <12> not available
(Font)              Font shape `OT1/ptm/b/n' tried instead on input line 30.
LaTeX Font Info:    Font shape `OT1/ptm/bx/n' in size <14.4> not available
(Font)              Font shape `OT1/ptm/b/n' tried instead on input line 30.
LaTeX Font Info:    Font shape `OT1/ptm/bx/it' in size <24.88> not available
(Font)              Font shape `OT1/ptm/b/it' tried instead on input line 30.
LaTeX Font Info:    Font shape `OT1/ptm/bx/sc' in size <14.4> not available
(Font)              Font shape `OT1/ptm/b/sc' tried instead on input line 30.
 [1{/usr/local/texlive/2007/texmf-var/fonts/map/pdftex/updmap/pdftex.map}

]
LaTeX Font Info:    External font `cmex10' loaded for size
(Font)              <7> on input line 38.
LaTeX Font Info:    External font `cmex10' loaded for size
(Font)              <5> on input line 38.
LaTeX Font Info:    Try loading font information for OT1+phv on input line 40.

(/usr/local/texlive/2007/texmf-dist/tex/latex/psnfss/ot1phv.fd
File: ot1phv.fd 2001/06/04 scalable font definitions for OT1/phv.
)
LaTeX Font Info:    Try loading font information for OMS+phv on input line 70.

(/usr/local/texlive/2007/texmf-dist/tex/latex/psnfss/omsphv.fd
File: omsphv.fd 
)
LaTeX Font Info:    Font shape `OMS/phv/m/n' in size <10> not available
(Font)              Font shape `OMS/cmsy/m/n' tried instead on input line 70.

Underfull \hbox (badness 10000) in paragraph at lines 81--82

 []

[1] [2] <./images/BayesianNetwork-1.png, id=22, 517.935pt x 257.96375pt>
File: ./images/BayesianNetwork-1.png Graphic file (type png)

<use ./images/BayesianNetwork-1.png>
<./images/BayesianNetwork-2.png, id=23, 698.61pt x 693.59125pt>
File: ./images/BayesianNetwork-2.png Graphic file (type png)

<use ./images/BayesianNetwork-2.png> [3 <./images/BayesianNetwork-1.png> <./ima
ges/BayesianNetwork-2.png>]
LaTeX Font Info:    Try loading font information for OMS+ptm on input line 128.


(/usr/local/texlive/2007/texmf-dist/tex/latex/psnfss/omsptm.fd
File: omsptm.fd 
)
LaTeX Font Info:    Font shape `OMS/ptm/m/n' in size <10> not available
(Font)              Font shape `OMS/cmsy/m/n' tried instead on input line 128.
LaTeX Font Info:    Font shape `OT1/phv/bx/n' in size <10> not available
(Font)              Font shape `OT1/phv/b/n' tried instead on input line 156.
 [4]
Overfull \vbox (33.90247pt too high) has occurred while \output is active []


[5] [6]
Underfull \hbox (badness 10000) in paragraph at lines 218--219

 []


Underfull \hbox (badness 10000) in paragraph at lines 224--225

 []

Missing character: There is no Ð in font phvr7t!

Underfull \hbox (badness 10000) in paragraph at lines 242--243

 []

[7]
Underfull \hbox (badness 10000) in paragraph at lines 255--261

 []

[8]
Underfull \hbox (badness 10000) in paragraph at lines 275--279

 []


Underfull \hbox (badness 10000) in paragraph at lines 283--287

 []


Underfull \hbox (badness 1281) in paragraph at lines 291--294
[]\OT1/phv/m/n/10 Each hid-den node $\OML/cmm/m/it/10 j$ \OT1/phv/m/n/10 is re-
spon-si-ble for some frac-tion of the er-
 []


Underfull \hbox (badness 2990) in paragraph at lines 291--294
\OT1/phv/m/n/10 ror $\OML/cmm/m/it/10 Err[]$ \OT1/phv/m/n/10 of each of the out
-put units $\OML/cmm/m/it/10 i$ \OT1/phv/m/n/10 to which it con-nects.
 []


Underfull \hbox (badness 1377) in paragraph at lines 291--294
\OT1/phv/m/n/10 Thus the $\OML/cmm/m/it/10 Err[]$ \OT1/phv/m/n/10 val-ues are d
i-vided ac-cord-ing to the strengths of
 []


Underfull \hbox (badness 1571) in paragraph at lines 291--294
\OT1/phv/m/n/10 the con-nec-tion be-tween the hid-den node and the out-put node
s
 []


Underfull \hbox (badness 1509) in paragraph at lines 291--294
\OT1/phv/m/n/10 and are prop-a-gated back to the hid-den nodes. Where a hid-
 []


Underfull \hbox (badness 1152) in paragraph at lines 291--294
\OT1/phv/m/n/10 prop-a-gated back to it are summed: $\OML/cmm/m/it/10 Err[] \OT
1/cmr/m/n/10 = [][] \OML/cmm/m/it/10 W[] \OMS/cmsy/m/n/10 ^^B \OML/cmm/m/it/10 
Err[]$\OT1/phv/m/n/10 :
 []


Underfull \hbox (badness 1152) in paragraph at lines 291--294
\OML/cmm/m/it/10 Err[] \OT1/cmr/m/n/10 = (\OMS/cmsy/m/n/10 ^^@\OT1/cmr/m/n/10 0
\OML/cmm/m/it/10 :\OT1/cmr/m/n/10 3 \OMS/cmsy/m/n/10 ^^B ^^@\OT1/cmr/m/n/10 0\O
ML/cmm/m/it/10 :\OT1/cmr/m/n/10 532) + (\OMS/cmsy/m/n/10 ^^@\OT1/cmr/m/n/10 0\O
ML/cmm/m/it/10 :\OT1/cmr/m/n/10 6 \OMS/cmsy/m/n/10 ^^B \OT1/cmr/m/n/10 0\OML/cm
m/m/it/10 :\OT1/cmr/m/n/10 508) + (0\OML/cmm/m/it/10 :\OT1/cmr/m/n/10 4 \OMS/cm
sy/m/n/10 ^^B ^^@\OT1/cmr/m/n/10 0\OML/cmm/m/it/10 :\OT1/cmr/m/n/10 696) =
 []


Underfull \hbox (badness 1895) in paragraph at lines 291--294
\OML/cmm/m/it/10 Err[] \OT1/cmr/m/n/10 = (0\OML/cmm/m/it/10 :\OT1/cmr/m/n/10 9 
\OMS/cmsy/m/n/10 ^^B ^^@\OT1/cmr/m/n/10 0\OML/cmm/m/it/10 :\OT1/cmr/m/n/10 532)
 + (\OMS/cmsy/m/n/10 ^^@\OT1/cmr/m/n/10 0\OML/cmm/m/it/10 :\OT1/cmr/m/n/10 1 \O
MS/cmsy/m/n/10 ^^B \OT1/cmr/m/n/10 0\OML/cmm/m/it/10 :\OT1/cmr/m/n/10 508) + (1
\OML/cmm/m/it/10 :\OT1/cmr/m/n/10 2 \OMS/cmsy/m/n/10 ^^B ^^@\OT1/cmr/m/n/10 0\O
ML/cmm/m/it/10 :\OT1/cmr/m/n/10 696) =
 []


Underfull \hbox (badness 10000) in paragraph at lines 291--294

 []

<./images/nn_callan_q10_2.png, id=50, 1027.84pt x 770.88pt>
File: ./images/nn_callan_q10_2.png Graphic file (type png)

<use ./images/nn_callan_q10_2.png> [9] [10 <./images/nn_callan_q10_2.png (PNG c
opy)>] (./paper-Solutions.aux) ) 
Here is how much of TeX's memory you used:
 1295 strings out of 94073
 16841 string characters out of 1162983
 71916 words of memory out of 1500000
 4587 multiletter control sequences out of 10000+50000
 25440 words of font info for 42 fonts, out of 1200000 for 2000
 645 hyphenation exceptions out of 8191
 39i,11n,45p,637b,460s stack positions out of 5000i,500n,6000p,200000b,5000s
{/usr/local/texlive/2007/texmf-dist/fonts/enc/d
vips/base/8r.enc}</usr/local/texlive/2007/texmf-dist/fonts/type1/bluesky/cm/cme
x10.pfb></usr/local/texlive/2007/texmf-dist/fonts/type1/bluesky/cm/cmmi10.pfb><
/usr/local/texlive/2007/texmf-dist/fonts/type1/bluesky/cm/cmmi5.pfb></usr/local
/texlive/2007/texmf-dist/fonts/type1/bluesky/cm/cmmi7.pfb></usr/local/texlive/2
007/texmf-dist/fonts/type1/bluesky/cm/cmr10.pfb></usr/local/texlive/2007/texmf-
dist/fonts/type1/bluesky/cm/cmr5.pfb></usr/local/texlive/2007/texmf-dist/fonts/
type1/bluesky/cm/cmr7.pfb></usr/local/texlive/2007/texmf-dist/fonts/type1/blues
ky/cm/cmsy10.pfb></usr/local/texlive/2007/texmf-dist/fonts/type1/bluesky/cm/cms
y5.pfb></usr/local/texlive/2007/texmf-dist/fonts/type1/bluesky/cm/cmsy7.pfb></u
sr/local/texlive/2007/texmf-dist/fonts/type1/urw/helvetic/uhvb8a.pfb></usr/loca
l/texlive/2007/texmf-dist/fonts/type1/urw/helvetic/uhvr8a.pfb></usr/local/texli
ve/2007/texmf-dist/fonts/type1/urw/times/utmb8a.pfb></usr/local/texlive/2007/te
xmf-dist/fonts/type1/urw/times/utmbi8a.pfb></usr/local/texlive/2007/texmf-dist/
fonts/type1/urw/times/utmr8a.pfb></usr/local/texlive/2007/texmf-dist/fonts/type
1/urw/times/utmri8a.pfb>
Output written on paper-Solutions.pdf (11 pages, 265537 bytes).
PDF statistics:
 108 PDF objects out of 1000 (max. 8388607)
 0 named destinations out of 1000 (max. 131072)
 16 words of extra memory for PDF output out of 10000 (max. 10000000)

