This is pdfTeXk, Version 3.141592-1.40.3 (Web2C 7.5.6) (format=pdflatex 2007.12.13)  3 MAR 2012 12:33
entering extended mode
 %&-line parsing enabled.
**paper-Solutions.tex
(./paper-Solutions.tex
LaTeX2e <2005/12/01>
Babel <v3.8h> and hyphenation patterns for english, usenglishmax, dumylang, noh
yphenation, arabic, basque, bulgarian, coptic, welsh, czech, slovak, german, ng
erman, danish, esperanto, spanish, catalan, galician, estonian, farsi, finnish,
 french, greek, monogreek, ancientgreek, croatian, hungarian, interlingua, ibyc
us, indonesian, icelandic, italian, latin, mongolian, dutch, norsk, polish, por
tuguese, pinyin, romanian, russian, slovenian, uppersorbian, serbian, swedish, 
turkish, ukenglish, ukrainian, loaded.
(./ditpaper.cls
Document Class: ditpaper 2004/08/19 (C) Emmet Caulfield
(/usr/local/texlive/2007/texmf-dist/tex/latex/fancyhdr/fancyhdr.sty
\fancy@headwidth=\skip41
\f@ncyO@elh=\skip42
\f@ncyO@erh=\skip43
\f@ncyO@olh=\skip44
\f@ncyO@orh=\skip45
\f@ncyO@elf=\skip46
\f@ncyO@erf=\skip47
\f@ncyO@olf=\skip48
\f@ncyO@orf=\skip49
)
(/usr/local/texlive/2007/texmf-dist/tex/latex/psnfss/times.sty
Package: times 2005/04/12 PSNFSS-v9.2a (SPQR) 
)
(/usr/local/texlive/2007/texmf-dist/tex/latex/base/article.cls
Document Class: article 2005/09/16 v1.4f Standard LaTeX document class
(/usr/local/texlive/2007/texmf-dist/tex/latex/base/size10.clo
File: size10.clo 2005/09/16 v1.4f Standard LaTeX file (size option)
)
\c@part=\count79
\c@section=\count80
\c@subsection=\count81
\c@subsubsection=\count82
\c@paragraph=\count83
\c@subparagraph=\count84
\c@figure=\count85
\c@table=\count86
\abovecaptionskip=\skip50
\belowcaptionskip=\skip51
\bibindent=\dimen102
)
(./pdfdraftcopy.sty
Package: pdfdraftcopy 2003/08/11 1.2 Draft copy in PDF (CVR)


Package pdfdraftcopy Warning: ****************************************
(pdfdraftcopy)                Package pdfdraftcopy v,1.2 loaded
(pdfdraftcopy)                [Draft copy in PDF (CVR)]
(pdfdraftcopy)                ****************************************.

(/usr/local/texlive/2007/texmf-dist/tex/latex/graphics/color.sty
Package: color 2005/11/14 v1.0j Standard LaTeX Color (DPC)

(/usr/local/texlive/2007/texmf/tex/latex/config/color.cfg
File: color.cfg 2007/01/18 v1.5 color configuration of teTeX/TeXLive
)
Package color Info: Driver file: pdftex.def on input line 130.

(/usr/local/texlive/2007/texmf-dist/tex/latex/pdftex-def/pdftex.def
File: pdftex.def 2007/01/08 v0.04d Graphics/color for pdfTeX
\Gread@gobject=\count87
))
(/usr/local/texlive/2007/texmf-dist/tex/latex/graphics/graphicx.sty
Package: graphicx 1999/02/16 v1.0f Enhanced LaTeX Graphics (DPC,SPQR)

(/usr/local/texlive/2007/texmf-dist/tex/latex/graphics/keyval.sty
Package: keyval 1999/03/16 v1.13 key=value parser (DPC)
\KV@toks@=\toks14
)
(/usr/local/texlive/2007/texmf-dist/tex/latex/graphics/graphics.sty
Package: graphics 2006/02/20 v1.0o Standard LaTeX Graphics (DPC,SPQR)

(/usr/local/texlive/2007/texmf-dist/tex/latex/graphics/trig.sty
Package: trig 1999/03/16 v1.09 sin cos tan (DPC)
)
(/usr/local/texlive/2007/texmf/tex/latex/config/graphics.cfg
File: graphics.cfg 2007/01/18 v1.5 graphics configuration of teTeX/TeXLive
)
Package graphics Info: Driver file: pdftex.def on input line 90.
)
\Gin@req@height=\dimen103
\Gin@req@width=\dimen104
)
\LLY=\dimen105
\LLX=\dimen106
\URX=\dimen107
\URY=\dimen108
\topmargin=\dimen109
\bottommargin=\dimen110
)
\answidth=\skip52
\anspadding=\skip53
\answerbox=\box26
)
(/usr/local/texlive/2007/texmf-dist/tex/latex/multirow/multirow.sty
\bigstrutjot=\dimen111
)
(/usr/local/texlive/2007/texmf-dist/tex/latex/rotating/rotating.sty
Package: rotating 1997/09/26, v2.13 Rotation package

(/usr/local/texlive/2007/texmf-dist/tex/latex/base/ifthen.sty
Package: ifthen 2001/05/26 v1.1c Standard LaTeX ifthen package (DPC)
)
\c@r@tfl@t=\count88
\rot@float@box=\box27
)
(./paper-Solutions.aux)
\openout1 = `paper-Solutions.aux'.

LaTeX Font Info:    Checking defaults for OML/cmm/m/it on input line 34.
LaTeX Font Info:    ... okay on input line 34.
LaTeX Font Info:    Checking defaults for T1/cmr/m/n on input line 34.
LaTeX Font Info:    ... okay on input line 34.
LaTeX Font Info:    Checking defaults for OT1/cmr/m/n on input line 34.
LaTeX Font Info:    ... okay on input line 34.
LaTeX Font Info:    Checking defaults for OMS/cmsy/m/n on input line 34.
LaTeX Font Info:    ... okay on input line 34.
LaTeX Font Info:    Checking defaults for OMX/cmex/m/n on input line 34.
LaTeX Font Info:    ... okay on input line 34.
LaTeX Font Info:    Checking defaults for U/cmr/m/n on input line 34.
LaTeX Font Info:    ... okay on input line 34.
LaTeX Font Info:    Try loading font information for OT1+ptm on input line 34.

(/usr/local/texlive/2007/texmf-dist/tex/latex/psnfss/ot1ptm.fd
File: ot1ptm.fd 2001/06/04 font definitions for OT1/ptm.
)
(/usr/local/texlive/2007/texmf-dist/tex/context/base/supp-pdf.tex
[Loading MPS to PDF converter (version 2006.09.02).]
\scratchcounter=\count89
\scratchdimen=\dimen112
\scratchbox=\box28
\nofMPsegments=\count90
\nofMParguments=\count91
\MPscratchCnt=\count92
\MPscratchDim=\dimen113
\MPnumerator=\count93
\everyMPtoPDFconversion=\toks15
)
\saved@parskip=\skip54
LaTeX Font Info:    Font shape `OT1/ptm/bx/n' in size <10> not available
(Font)              Font shape `OT1/ptm/b/n' tried instead on input line 34.
LaTeX Font Info:    Font shape `OT1/ptm/bx/n' in size <20.74> not available
(Font)              Font shape `OT1/ptm/b/n' tried instead on input line 34.
LaTeX Font Info:    Font shape `OT1/ptm/bx/n' in size <12> not available
(Font)              Font shape `OT1/ptm/b/n' tried instead on input line 34.
LaTeX Font Info:    Font shape `OT1/ptm/bx/n' in size <14.4> not available
(Font)              Font shape `OT1/ptm/b/n' tried instead on input line 34.
LaTeX Font Info:    Font shape `OT1/ptm/bx/it' in size <24.88> not available
(Font)              Font shape `OT1/ptm/b/it' tried instead on input line 34.
LaTeX Font Info:    Font shape `OT1/ptm/bx/sc' in size <14.4> not available
(Font)              Font shape `OT1/ptm/b/sc' tried instead on input line 34.
 [1{/usr/local/texlive/2007/texmf-var/fonts/map/pdftex/updmap/pdftex.map}

]
[2]
LaTeX Font Info:    Try loading font information for OT1+phv on input line 44.
 (/usr/local/texlive/2007/texmf-dist/tex/latex/psnfss/ot1phv.fd
File: ot1phv.fd 2001/06/04 scalable font definitions for OT1/phv.
)
Missing character: There is no Ð in font phvr7t!
LaTeX Font Info:    External font `cmex10' loaded for size
(Font)              <7> on input line 46.
LaTeX Font Info:    External font `cmex10' loaded for size
(Font)              <5> on input line 46.
LaTeX Font Info:    Try loading font information for OMS+phv on input line 51.

(/usr/local/texlive/2007/texmf-dist/tex/latex/psnfss/omsphv.fd
File: omsphv.fd 
)
LaTeX Font Info:    Font shape `OMS/phv/m/n' in size <10> not available
(Font)              Font shape `OMS/cmsy/m/n' tried instead on input line 51.
LaTeX Font Info:    Font shape `OT1/phv/bx/n' in size <10> not available
(Font)              Font shape `OT1/phv/b/n' tried instead on input line 51.
LaTeX Font Info:    Font shape `OT1/phv/m/it' in size <10> not available
(Font)              Font shape `OT1/phv/m/sl' tried instead on input line 58.

<./images/curve-fitting5.png, id=11, 497.86pt x 428.60126pt>
File: ./images/curve-fitting5.png Graphic file (type png)

<use ./images/curve-fitting5.png> [1 <./images/curve-fitting5.png>] [2]
Underfull \hbox (badness 10000) in paragraph at lines 108--109

 []

LaTeX Font Info:    External font `cmex10' loaded for size
(Font)              <9> on input line 114.
LaTeX Font Info:    External font `cmex10' loaded for size
(Font)              <6> on input line 114.
LaTeX Font Info:    Font shape `OT1/ptm/bx/n' in size <9> not available
(Font)              Font shape `OT1/ptm/b/n' tried instead on input line 116.

Overfull \hbox (5.65018pt too wide) in paragraph at lines 114--133
 [] 
 []

[3] [4] [5] <./images/car-starts.png, id=39, 722.7pt x 542.025pt>
File: ./images/car-starts.png Graphic file (type png)

<use ./images/car-starts.png>
Underfull \hbox (badness 10000) in paragraph at lines 225--232

 []


Underfull \hbox (badness 10000) in paragraph at lines 232--234

 []

<./images/car-extended.png, id=40, 496.85625pt x 413.545pt>
File: ./images/car-extended.png Graphic file (type png)

<use ./images/car-extended.png> [6 <./images/car-starts.png>]
LaTeX Font Info:    Try loading font information for OMS+ptm on input line 251.


(/usr/local/texlive/2007/texmf-dist/tex/latex/psnfss/omsptm.fd
File: omsptm.fd 
)
LaTeX Font Info:    Font shape `OMS/ptm/m/n' in size <10> not available
(Font)              Font shape `OMS/cmsy/m/n' tried instead on input line 251.
 [7 <./images/car-extended.png>]
Overfull \vbox (33.90247pt too high) has occurred while \output is active []


[8] [9]
LaTeX Font Info:    External font `cmex10' loaded for size
(Font)              <12> on input line 336.
LaTeX Font Info:    External font `cmex10' loaded for size
(Font)              <8> on input line 336.
 [10] <./images/neuron-unit.png, id=66, 1183.42125pt x 681.54625pt>
File: ./images/neuron-unit.png Graphic file (type png)

<use ./images/neuron-unit.png>
LaTeX Font Info:    External font `cmex10' loaded for size
(Font)              <14.4> on input line 383.

<./images/mystery-perceptron.png, id=67, 853.1875pt x 252.945pt>
File: ./images/mystery-perceptron.png Graphic file (type png)

<use ./images/mystery-perceptron.png>

LaTeX Warning: `h' float specifier changed to `ht'.

[11 <./images/neuron-unit.png>] [12 <./images/mystery-perceptron.png (PNG copy)
>] (./paper-Solutions.aux) ) 
Here is how much of TeX's memory you used:
 1459 strings out of 94073
 19134 string characters out of 1162983
 74072 words of memory out of 1500000
 4722 multiletter control sequences out of 10000+50000
 36858 words of font info for 65 fonts, out of 1200000 for 2000
 645 hyphenation exceptions out of 8191
 39i,11n,45p,738b,486s stack positions out of 5000i,500n,6000p,200000b,5000s
{/usr/local/texlive/2007/texmf-dist/fonts/enc/dvips
/base/8r.enc}</usr/local/texlive/2007/texmf-dist/fonts/type1/bluesky/cm/cmex10.
pfb></usr/local/texlive/2007/texmf-dist/fonts/type1/bluesky/cm/cmmi10.pfb></usr
/local/texlive/2007/texmf-dist/fonts/type1/bluesky/cm/cmmi12.pfb></usr/local/te
xlive/2007/texmf-dist/fonts/type1/bluesky/cm/cmmi5.pfb></usr/local/texlive/2007
/texmf-dist/fonts/type1/bluesky/cm/cmmi6.pfb></usr/local/texlive/2007/texmf-dis
t/fonts/type1/bluesky/cm/cmmi7.pfb></usr/local/texlive/2007/texmf-dist/fonts/ty
pe1/bluesky/cm/cmmi8.pfb></usr/local/texlive/2007/texmf-dist/fonts/type1/bluesk
y/cm/cmr10.pfb></usr/local/texlive/2007/texmf-dist/fonts/type1/bluesky/cm/cmr12
.pfb></usr/local/texlive/2007/texmf-dist/fonts/type1/bluesky/cm/cmr6.pfb></usr/
local/texlive/2007/texmf-dist/fonts/type1/bluesky/cm/cmr7.pfb></usr/local/texli
ve/2007/texmf-dist/fonts/type1/bluesky/cm/cmr8.pfb></usr/local/texlive/2007/tex
mf-dist/fonts/type1/bluesky/cm/cmsy10.pfb></usr/local/texlive/2007/texmf-dist/f
onts/type1/bluesky/cm/cmsy7.pfb></usr/local/texlive/2007/texmf-dist/fonts/type1
/bluesky/cm/cmsy8.pfb></usr/local/texlive/2007/texmf-dist/fonts/type1/urw/helve
tic/uhvb8a.pfb></usr/local/texlive/2007/texmf-dist/fonts/type1/urw/helvetic/uhv
r8a.pfb></usr/local/texlive/2007/texmf-dist/fonts/type1/urw/helvetic/uhvro8a.pf
b></usr/local/texlive/2007/texmf-dist/fonts/type1/urw/times/utmb8a.pfb></usr/lo
cal/texlive/2007/texmf-dist/fonts/type1/urw/times/utmbi8a.pfb></usr/local/texli
ve/2007/texmf-dist/fonts/type1/urw/times/utmr8a.pfb></usr/local/texlive/2007/te
xmf-dist/fonts/type1/urw/times/utmri8a.pfb>
Output written on paper-Solutions.pdf (14 pages, 411022 bytes).
PDF statistics:
 145 PDF objects out of 1000 (max. 8388607)
 0 named destinations out of 1000 (max. 131072)
 26 words of extra memory for PDF output out of 10000 (max. 10000000)

