This is pdfTeXk, Version 3.141592-1.40.3 (Web2C 7.5.6) (format=pdflatex 2007.12.13)  3 MAR 2012 12:21
entering extended mode
\write18 enabled.
 %&-line parsing enabled.
**paper.tex
(./paper.tex
LaTeX2e <2005/12/01>
Babel <v3.8h> and hyphenation patterns for english, usenglishmax, dumylang, noh
yphenation, arabic, basque, bulgarian, coptic, welsh, czech, slovak, german, ng
erman, danish, esperanto, spanish, catalan, galician, estonian, farsi, finnish,
 french, greek, monogreek, ancientgreek, croatian, hungarian, interlingua, ibyc
us, indonesian, icelandic, italian, latin, mongolian, dutch, norsk, polish, por
tuguese, pinyin, romanian, russian, slovenian, uppersorbian, serbian, swedish, 
turkish, ukenglish, ukrainian, loaded.
(./ditpaper.cls
Document Class: ditpaper 2004/08/19 (C) Emmet Caulfield
(/usr/local/texlive/2007/texmf-dist/tex/latex/fancyhdr/fancyhdr.sty
\fancy@headwidth=\skip41
\f@ncyO@elh=\skip42
\f@ncyO@erh=\skip43
\f@ncyO@olh=\skip44
\f@ncyO@orh=\skip45
\f@ncyO@elf=\skip46
\f@ncyO@erf=\skip47
\f@ncyO@olf=\skip48
\f@ncyO@orf=\skip49
)
(/usr/local/texlive/2007/texmf-dist/tex/latex/psnfss/times.sty
Package: times 2005/04/12 PSNFSS-v9.2a (SPQR) 
)
(/usr/local/texlive/2007/texmf-dist/tex/latex/base/article.cls
Document Class: article 2005/09/16 v1.4f Standard LaTeX document class
(/usr/local/texlive/2007/texmf-dist/tex/latex/base/size10.clo
File: size10.clo 2005/09/16 v1.4f Standard LaTeX file (size option)
)
\c@part=\count79
\c@section=\count80
\c@subsection=\count81
\c@subsubsection=\count82
\c@paragraph=\count83
\c@subparagraph=\count84
\c@figure=\count85
\c@table=\count86
\abovecaptionskip=\skip50
\belowcaptionskip=\skip51
\bibindent=\dimen102
)
\answidth=\skip52
\anspadding=\skip53
\answerbox=\box26
)
(/usr/local/texlive/2007/texmf-dist/tex/generic/epsf/epsf.sty
This is `epsf.tex' v2.7.3 <23 July 2005>
\epsffilein=\read1
\epsfframemargin=\dimen103
\epsfframethickness=\dimen104
\epsfrsize=\dimen105
\epsftmp=\dimen106
\epsftsize=\dimen107
\epsfxsize=\dimen108
\epsfysize=\dimen109
\pspoints=\dimen110
) (/usr/local/texlive/2007/texmf-dist/tex/latex/base/fleqn.sty

LaTeX Warning: inputting `fleqn.clo' instead of obsolete `fleqn.sty'.

(/usr/local/texlive/2007/texmf-dist/tex/latex/base/fleqn.clo
File: fleqn.clo 1998/08/17 v1.1c Standard LaTeX option (flush left equations)
\mathindent=\dimen111
))
(/usr/local/texlive/2007/texmf-dist/tex/latex/rotating/rotating.sty
Package: rotating 1997/09/26, v2.13 Rotation package

(/usr/local/texlive/2007/texmf-dist/tex/latex/graphics/graphicx.sty
Package: graphicx 1999/02/16 v1.0f Enhanced LaTeX Graphics (DPC,SPQR)

(/usr/local/texlive/2007/texmf-dist/tex/latex/graphics/keyval.sty
Package: keyval 1999/03/16 v1.13 key=value parser (DPC)
\KV@toks@=\toks14
)
(/usr/local/texlive/2007/texmf-dist/tex/latex/graphics/graphics.sty
Package: graphics 2006/02/20 v1.0o Standard LaTeX Graphics (DPC,SPQR)

(/usr/local/texlive/2007/texmf-dist/tex/latex/graphics/trig.sty
Package: trig 1999/03/16 v1.09 sin cos tan (DPC)
)
(/usr/local/texlive/2007/texmf/tex/latex/config/graphics.cfg
File: graphics.cfg 2007/01/18 v1.5 graphics configuration of teTeX/TeXLive
)
Package graphics Info: Driver file: pdftex.def on input line 90.

(/usr/local/texlive/2007/texmf-dist/tex/latex/pdftex-def/pdftex.def
File: pdftex.def 2007/01/08 v0.04d Graphics/color for pdfTeX
\Gread@gobject=\count87
))
\Gin@req@height=\dimen112
\Gin@req@width=\dimen113
)
(/usr/local/texlive/2007/texmf-dist/tex/latex/base/ifthen.sty
Package: ifthen 2001/05/26 v1.1c Standard LaTeX ifthen package (DPC)
)
\c@r@tfl@t=\count88
\rot@float@box=\box27
)

LaTeX Warning: Unused global option(s):
    [--SOLUTION-OPTION--].

(./paper.aux)
\openout1 = `paper.aux'.

LaTeX Font Info:    Checking defaults for OML/cmm/m/it on input line 130.
LaTeX Font Info:    ... okay on input line 130.
LaTeX Font Info:    Checking defaults for T1/cmr/m/n on input line 130.
LaTeX Font Info:    ... okay on input line 130.
LaTeX Font Info:    Checking defaults for OT1/cmr/m/n on input line 130.
LaTeX Font Info:    ... okay on input line 130.
LaTeX Font Info:    Checking defaults for OMS/cmsy/m/n on input line 130.
LaTeX Font Info:    ... okay on input line 130.
LaTeX Font Info:    Checking defaults for OMX/cmex/m/n on input line 130.
LaTeX Font Info:    ... okay on input line 130.
LaTeX Font Info:    Checking defaults for U/cmr/m/n on input line 130.
LaTeX Font Info:    ... okay on input line 130.
LaTeX Font Info:    Try loading font information for OT1+ptm on input line 130.

 (/usr/local/texlive/2007/texmf-dist/tex/latex/psnfss/ot1ptm.fd
File: ot1ptm.fd 2001/06/04 font definitions for OT1/ptm.
)
\saved@parskip=\skip54
LaTeX Font Info:    Font shape `OT1/ptm/bx/n' in size <10> not available
(Font)              Font shape `OT1/ptm/b/n' tried instead on input line 130.
LaTeX Font Info:    Font shape `OT1/ptm/bx/n' in size <20.74> not available
(Font)              Font shape `OT1/ptm/b/n' tried instead on input line 130.
LaTeX Font Info:    Font shape `OT1/ptm/bx/n' in size <12> not available
(Font)              Font shape `OT1/ptm/b/n' tried instead on input line 130.
LaTeX Font Info:    Font shape `OT1/ptm/bx/n' in size <14.4> not available
(Font)              Font shape `OT1/ptm/b/n' tried instead on input line 130.
LaTeX Font Info:    Font shape `OT1/ptm/bx/sc' in size <14.4> not available
(Font)              Font shape `OT1/ptm/b/sc' tried instead on input line 130.
LaTeX Font Info:    External font `cmex10' loaded for size
(Font)              <12> on input line 130.
LaTeX Font Info:    External font `cmex10' loaded for size
(Font)              <8> on input line 130.
LaTeX Font Info:    External font `cmex10' loaded for size
(Font)              <6> on input line 130.

[1

{/usr/local/texlive/2007/texmf-var/fonts/map/pdftex/updmap/pdftex.map}]
(/usr/local/texlive/2007/texmf-dist/tex/context/base/supp-pdf.tex
[Loading MPS to PDF converter (version 2006.09.02).]
\scratchcounter=\count89
\scratchdimen=\dimen114
\scratchbox=\box28
\nofMPsegments=\count90
\nofMParguments=\count91
\MPscratchCnt=\count92
\MPscratchDim=\dimen115
\MPnumerator=\count93
\everyMPtoPDFconversion=\toks15
)
LaTeX Font Info:    Try loading font information for OT1+phv on input line 140.

 (/usr/local/texlive/2007/texmf-dist/tex/latex/psnfss/ot1phv.fd
File: ot1phv.fd 2001/06/04 scalable font definitions for OT1/phv.
)
Missing character: There is no Ð in font phvr7t!
LaTeX Font Info:    External font `cmex10' loaded for size
(Font)              <7> on input line 142.
LaTeX Font Info:    External font `cmex10' loaded for size
(Font)              <5> on input line 142.
Missing character: There is no Õ in font phvr7t!
Missing character: There is no Õ in font phvr7t!
LaTeX Font Info:    Try loading font information for OMS+phv on input line 158.


(/usr/local/texlive/2007/texmf-dist/tex/latex/psnfss/omsphv.fd
File: omsphv.fd 
)
LaTeX Font Info:    Font shape `OMS/phv/m/n' in size <10> not available
(Font)              Font shape `OMS/cmsy/m/n' tried instead on input line 158.
LaTeX Font Info:    Font shape `OT1/phv/bx/n' in size <10> not available
(Font)              Font shape `OT1/phv/b/n' tried instead on input line 159.
 [1]
LaTeX Font Info:    Font shape `OT1/ptm/bx/it' in size <10> not available
(Font)              Font shape `OT1/ptm/b/it' tried instead on input line 227.

Overfull \hbox (37.29741pt too wide) in paragraph at lines 254--262
 [] 
 []


Underfull \hbox (badness 10000) in paragraph at lines 287--293

 []

[2] [3] <./images/callan-chap5-q4.png, id=25, 309.3156pt x 237.5274pt>
File: ./images/callan-chap5-q4.png Graphic file (type png)

<use ./images/callan-chap5-q4.png>
Overfull \hbox (1.81168pt too wide) in paragraph at lines 348--349
[]\OT1/ptm/m/n/10 Given the full joint dis-tri-bu-tion shown in Ta-ble 4[], cal
-cu-late $[]\OT1/cmr/m/n/10 (\OML/cmm/m/it/10 Toothache\OMS/cmsy/m/n/10 j\OML/c
mm/m/it/10 cavity\OT1/cmr/m/n/10 )$\OT1/ptm/m/n/10 . 
 []


LaTeX Font Warning: Command \Huge invalid in math mode on input line 369.

LaTeX Font Info:    External font `cmex10' loaded for size
(Font)              <24.88> on input line 369.
LaTeX Font Info:    External font `cmex10' loaded for size
(Font)              <20.74> on input line 369.
LaTeX Font Info:    External font `cmex10' loaded for size
(Font)              <17.28> on input line 369.

LaTeX Font Warning: Command \Huge invalid in math mode on input line 369.

LaTeX Font Info:    Try loading font information for OMS+ptm on input line 380.

(/usr/local/texlive/2007/texmf-dist/tex/latex/psnfss/omsptm.fd
File: omsptm.fd 
)
LaTeX Font Info:    Font shape `OMS/ptm/m/n' in size <10> not available
(Font)              Font shape `OMS/cmsy/m/n' tried instead on input line 380.
 [4 <./images/callan-chap5-q4.png>]
Underfull \hbox (badness 10000) in paragraph at lines 499--503

 []


Underfull \hbox (badness 10000) in paragraph at lines 507--511

 []


Underfull \hbox (badness 1163) in paragraph at lines 515--518
\OT1/phv/m/n/10 node feeds-forward into more than 1 out-put node the er-rors
 []


Underfull \hbox (badness 10000) in paragraph at lines 515--518

 []

<./images/nn_callan_q10_2.png, id=30, 1027.84pt x 770.88pt>
File: ./images/nn_callan_q10_2.png Graphic file (type png)

<use ./images/nn_callan_q10_2.png> [5] [6 <./images/nn_callan_q10_2.png (PNG co
py)>] (./paper.aux) ) 
Here is how much of TeX's memory you used:
 1455 strings out of 94073
 18479 string characters out of 1162983
 70225 words of memory out of 1500000
 4736 multiletter control sequences out of 10000+50000
 25456 words of font info for 54 fonts, out of 1200000 for 2000
 645 hyphenation exceptions out of 8191
 32i,10n,45p,500b,757s stack positions out of 5000i,500n,6000p,200000b,5000s
{/usr/local/texlive/2007/texmf-dist/fonts/enc/dvips/base/8
r.enc}</usr/local/texlive/2007/texmf-dist/fonts/type1/bluesky/cm/cmex10.pfb></u
sr/local/texlive/2007/texmf-dist/fonts/type1/bluesky/cm/cmmi10.pfb></usr/local/
texlive/2007/texmf-dist/fonts/type1/bluesky/cm/cmmi12.pfb></usr/local/texlive/2
007/texmf-dist/fonts/type1/bluesky/cm/cmmi5.pfb></usr/local/texlive/2007/texmf-
dist/fonts/type1/bluesky/cm/cmmi7.pfb></usr/local/texlive/2007/texmf-dist/fonts
/type1/bluesky/cm/cmmi8.pfb></usr/local/texlive/2007/texmf-dist/fonts/type1/blu
esky/cm/cmr10.pfb></usr/local/texlive/2007/texmf-dist/fonts/type1/bluesky/cm/cm
r12.pfb></usr/local/texlive/2007/texmf-dist/fonts/type1/bluesky/cm/cmr17.pfb></
usr/local/texlive/2007/texmf-dist/fonts/type1/bluesky/cm/cmr7.pfb></usr/local/t
exlive/2007/texmf-dist/fonts/type1/bluesky/cm/cmsy10.pfb></usr/local/texlive/20
07/texmf-dist/fonts/type1/bluesky/cm/cmsy5.pfb></usr/local/texlive/2007/texmf-d
ist/fonts/type1/urw/times/utmb8a.pfb></usr/local/texlive/2007/texmf-dist/fonts/
type1/urw/times/utmbi8a.pfb></usr/local/texlive/2007/texmf-dist/fonts/type1/urw
/times/utmr8a.pfb>
Output written on paper.pdf (7 pages, 206496 bytes).
PDF statistics:
 90 PDF objects out of 1000 (max. 8388607)
 0 named destinations out of 1000 (max. 131072)
 11 words of extra memory for PDF output out of 10000 (max. 10000000)

