This is pdfTeXk, Version 3.141592-1.40.3 (Web2C 7.5.6) (format=pdflatex 2007.12.13)  31 MAY 2010 11:05
entering extended mode
 %&-line parsing enabled.
**paper-Questions.tex
(./paper-Questions.tex
LaTeX2e <2005/12/01>
Babel <v3.8h> and hyphenation patterns for english, usenglishmax, dumylang, noh
yphenation, arabic, basque, bulgarian, coptic, welsh, czech, slovak, german, ng
erman, danish, esperanto, spanish, catalan, galician, estonian, farsi, finnish,
 french, greek, monogreek, ancientgreek, croatian, hungarian, interlingua, ibyc
us, indonesian, icelandic, italian, latin, mongolian, dutch, norsk, polish, por
tuguese, pinyin, romanian, russian, slovenian, uppersorbian, serbian, swedish, 
turkish, ukenglish, ukrainian, loaded.
(./ditpaper.cls
Document Class: ditpaper 2004/08/19 (C) Emmet Caulfield
(/usr/local/texlive/2007/texmf-dist/tex/latex/fancyhdr/fancyhdr.sty
\fancy@headwidth=\skip41
\f@ncyO@elh=\skip42
\f@ncyO@erh=\skip43
\f@ncyO@olh=\skip44
\f@ncyO@orh=\skip45
\f@ncyO@elf=\skip46
\f@ncyO@erf=\skip47
\f@ncyO@olf=\skip48
\f@ncyO@orf=\skip49
)
(/usr/local/texlive/2007/texmf-dist/tex/latex/psnfss/times.sty
Package: times 2005/04/12 PSNFSS-v9.2a (SPQR) 
)
(/usr/local/texlive/2007/texmf-dist/tex/latex/base/article.cls
Document Class: article 2005/09/16 v1.4f Standard LaTeX document class
(/usr/local/texlive/2007/texmf-dist/tex/latex/base/size10.clo
File: size10.clo 2005/09/16 v1.4f Standard LaTeX file (size option)
)
\c@part=\count79
\c@section=\count80
\c@subsection=\count81
\c@subsubsection=\count82
\c@paragraph=\count83
\c@subparagraph=\count84
\c@figure=\count85
\c@table=\count86
\abovecaptionskip=\skip50
\belowcaptionskip=\skip51
\bibindent=\dimen102
)
\answidth=\skip52
\anspadding=\skip53
\answerbox=\box26
)
(/usr/local/texlive/2007/texmf-dist/tex/latex/graphics/graphicx.sty
Package: graphicx 1999/02/16 v1.0f Enhanced LaTeX Graphics (DPC,SPQR)

(/usr/local/texlive/2007/texmf-dist/tex/latex/graphics/keyval.sty
Package: keyval 1999/03/16 v1.13 key=value parser (DPC)
\KV@toks@=\toks14
)
(/usr/local/texlive/2007/texmf-dist/tex/latex/graphics/graphics.sty
Package: graphics 2006/02/20 v1.0o Standard LaTeX Graphics (DPC,SPQR)

(/usr/local/texlive/2007/texmf-dist/tex/latex/graphics/trig.sty
Package: trig 1999/03/16 v1.09 sin cos tan (DPC)
)
(/usr/local/texlive/2007/texmf/tex/latex/config/graphics.cfg
File: graphics.cfg 2007/01/18 v1.5 graphics configuration of teTeX/TeXLive
)
Package graphics Info: Driver file: pdftex.def on input line 90.

(/usr/local/texlive/2007/texmf-dist/tex/latex/pdftex-def/pdftex.def
File: pdftex.def 2007/01/08 v0.04d Graphics/color for pdfTeX
\Gread@gobject=\count87
))
\Gin@req@height=\dimen103
\Gin@req@width=\dimen104
)
(/usr/local/texlive/2007/texmf-dist/tex/latex/multirow/multirow.sty
\bigstrutjot=\dimen105
)
(/usr/local/texlive/2007/texmf-dist/tex/latex/rotating/rotating.sty
Package: rotating 1997/09/26, v2.13 Rotation package

(/usr/local/texlive/2007/texmf-dist/tex/latex/base/ifthen.sty
Package: ifthen 2001/05/26 v1.1c Standard LaTeX ifthen package (DPC)
)
\c@r@tfl@t=\count88
\rot@float@box=\box27
)
(./paper-Questions.aux)
\openout1 = `paper-Questions.aux'.

LaTeX Font Info:    Checking defaults for OML/cmm/m/it on input line 33.
LaTeX Font Info:    ... okay on input line 33.
LaTeX Font Info:    Checking defaults for T1/cmr/m/n on input line 33.
LaTeX Font Info:    ... okay on input line 33.
LaTeX Font Info:    Checking defaults for OT1/cmr/m/n on input line 33.
LaTeX Font Info:    ... okay on input line 33.
LaTeX Font Info:    Checking defaults for OMS/cmsy/m/n on input line 33.
LaTeX Font Info:    ... okay on input line 33.
LaTeX Font Info:    Checking defaults for OMX/cmex/m/n on input line 33.
LaTeX Font Info:    ... okay on input line 33.
LaTeX Font Info:    Checking defaults for U/cmr/m/n on input line 33.
LaTeX Font Info:    ... okay on input line 33.
LaTeX Font Info:    Try loading font information for OT1+ptm on input line 33.

(/usr/local/texlive/2007/texmf-dist/tex/latex/psnfss/ot1ptm.fd
File: ot1ptm.fd 2001/06/04 font definitions for OT1/ptm.
)
\saved@parskip=\skip54
LaTeX Font Info:    Font shape `OT1/ptm/bx/n' in size <10> not available
(Font)              Font shape `OT1/ptm/b/n' tried instead on input line 33.
LaTeX Font Info:    Font shape `OT1/ptm/bx/n' in size <20.74> not available
(Font)              Font shape `OT1/ptm/b/n' tried instead on input line 33.
LaTeX Font Info:    Font shape `OT1/ptm/bx/n' in size <12> not available
(Font)              Font shape `OT1/ptm/b/n' tried instead on input line 33.
LaTeX Font Info:    Font shape `OT1/ptm/bx/n' in size <14.4> not available
(Font)              Font shape `OT1/ptm/b/n' tried instead on input line 33.
LaTeX Font Info:    Font shape `OT1/ptm/bx/sc' in size <14.4> not available
(Font)              Font shape `OT1/ptm/b/sc' tried instead on input line 33.
 [1

{/usr/local/texlive/2007/texmf-var/fonts/map/pdftex/updmap/pdftex.map}]
(/usr/local/texlive/2007/texmf-dist/tex/context/base/supp-pdf.tex
[Loading MPS to PDF converter (version 2006.09.02).]
\scratchcounter=\count89
\scratchdimen=\dimen106
\scratchbox=\box28
\nofMPsegments=\count90
\nofMParguments=\count91
\MPscratchCnt=\count92
\MPscratchDim=\dimen107
\MPnumerator=\count93
\everyMPtoPDFconversion=\toks15
)
LaTeX Font Info:    External font `cmex10' loaded for size
(Font)              <7> on input line 42.
LaTeX Font Info:    External font `cmex10' loaded for size
(Font)              <5> on input line 42.
LaTeX Font Info:    Try loading font information for OT1+phv on input line 55.
 (/usr/local/texlive/2007/texmf-dist/tex/latex/psnfss/ot1phv.fd
File: ot1phv.fd 2001/06/04 scalable font definitions for OT1/phv.
)
Underfull \hbox (badness 1365) in paragraph at lines 66--67
[]\OT1/phv/m/n/10 This asks for the vec-tor of prob-a-bil-ity val-ues for $\OML
/cmm/m/it/10 Toothache$\OT1/phv/m/n/10 ,
 []


Underfull \hbox (badness 4832) in paragraph at lines 66--67
\OT1/phv/m/n/10 given that $\OML/cmm/m/it/10 Cavity$ \OT1/phv/m/n/10 is true. $
\OML/cmm/m/it/10 textbfP\OT1/cmr/m/n/10 (\OML/cmm/m/it/10 Toothache\OMS/cmsy/m/
n/10 j\OML/cmm/m/it/10 cavity\OT1/cmr/m/n/10 ) =
 []

LaTeX Font Info:    Font shape `OT1/phv/bx/n' in size <10> not available
(Font)              Font shape `OT1/phv/b/n' tried instead on input line 73.

Underfull \hbox (badness 10000) in paragraph at lines 71--78

 []

LaTeX Font Info:    Try loading font information for OMS+phv on input line 86.
(/usr/local/texlive/2007/texmf-dist/tex/latex/psnfss/omsphv.fd
File: omsphv.fd 
)
LaTeX Font Info:    Font shape `OMS/phv/m/n' in size <10> not available
(Font)              Font shape `OMS/cmsy/m/n' tried instead on input line 86.
 [1]
Missing character: There is no Þ in font phvr7t!

<./images/nuclearpowerstationbayesiannet.png, id=13, 507.8975pt x 244.915pt>
File: ./images/nuclearpowerstationbayesiannet.png Graphic file (type png)

<use ./images/nuclearpowerstationbayesiannet.png>
Underfull \hbox (badness 1478) in paragraph at lines 125--127
[]\OT1/phv/m/n/10 The key as-pects are: the fail-ure nodes are par-ents of the
 []


Underfull \hbox (badness 1087) in paragraph at lines 125--127
\OT1/phv/m/n/10 of cor-re-la-tion that makes it difcult for hu-mans to un-der-s
tand
 []


Underfull \hbox (badness 10000) in paragraph at lines 125--127

 []

<./images/cpt_node_g_q142.png, id=14, 582.175pt x 211.79124pt>
File: ./images/cpt_node_g_q142.png Graphic file (type png)

<use ./images/cpt_node_g_q142.png>
Underfull \hbox (badness 10000) in paragraph at lines 131--133
[]\OT1/phv/m/n/10 Note the se-man-tics of $\OML/cmm/m/it/10 F[]$ \OT1/phv/m/n/1
0 , which is true
 []


Underfull \hbox (badness 10000) in paragraph at lines 131--133
\OT1/phv/m/n/10 when the gauge is faulty, i.e., not work-ing.
 []


Underfull \hbox (badness 10000) in paragraph at lines 131--133

 []

<./images/cpt_a_q142.png, id=15, 423.5825pt x 210.7875pt>
File: ./images/cpt_a_q142.png Graphic file (type png)

<use ./images/cpt_a_q142.png>
Underfull \hbox (badness 10000) in paragraph at lines 137--138

 []

LaTeX Font Info:    Try loading font information for OMS+ptm on input line 143.

(/usr/local/texlive/2007/texmf-dist/tex/latex/psnfss/omsptm.fd
File: omsptm.fd 
)
LaTeX Font Info:    Font shape `OMS/ptm/m/n' in size <10> not available
(Font)              Font shape `OMS/cmsy/m/n' tried instead on input line 143.
 [2] [3]
[4]
LaTeX Font Info:    External font `cmex10' loaded for size
(Font)              <14.4> on input line 317.
LaTeX Font Info:    Font shape `OT1/phv/m/it' in size <10> not available
(Font)              Font shape `OT1/phv/m/sl' tried instead on input line 336.
 <./images/mystery-perceptron.png, id=26, 3010.24625pt x 2257.43375pt>
File: ./images/mystery-perceptron.png Graphic file (type png)

<use ./images/mystery-perceptron.png> [5] [6 <./images/mystery-perceptron.png>]
(./paper-Questions.aux) ) 
Here is how much of TeX's memory you used:
 1312 strings out of 94073
 17307 string characters out of 1162983
 68210 words of memory out of 1500000
 4604 multiletter control sequences out of 10000+50000
 19424 words of font info for 37 fonts, out of 1200000 for 2000
 645 hyphenation exceptions out of 8191
 29i,10n,45p,604b,764s stack positions out of 5000i,500n,6000p,200000b,5000s
{/usr/local/texlive/2007/texmf-dist/fonts/enc/dvips/ba
se/8r.enc}</usr/local/texlive/2007/texmf-dist/fonts/type1/bluesky/cm/cmmi10.pfb
></usr/local/texlive/2007/texmf-dist/fonts/type1/bluesky/cm/cmmi7.pfb></usr/loc
al/texlive/2007/texmf-dist/fonts/type1/bluesky/cm/cmr10.pfb></usr/local/texlive
/2007/texmf-dist/fonts/type1/bluesky/cm/cmr7.pfb></usr/local/texlive/2007/texmf
-dist/fonts/type1/bluesky/cm/cmsy10.pfb></usr/local/texlive/2007/texmf-dist/fon
ts/type1/urw/times/utmb8a.pfb></usr/local/texlive/2007/texmf-dist/fonts/type1/u
rw/times/utmr8a.pfb>
Output written on paper-Questions.pdf (7 pages, 254533 bytes).
PDF statistics:
 60 PDF objects out of 1000 (max. 8388607)
 0 named destinations out of 1000 (max. 131072)
 21 words of extra memory for PDF output out of 10000 (max. 10000000)

