This is pdfTeXk, Version 3.141592-1.40.3 (Web2C 7.5.6) (format=pdflatex 2007.12.13)  23 MAY 2011 17:33
entering extended mode
 %&-line parsing enabled.
**paper-Questions.tex
(./paper-Questions.tex
LaTeX2e <2005/12/01>
Babel <v3.8h> and hyphenation patterns for english, usenglishmax, dumylang, noh
yphenation, arabic, basque, bulgarian, coptic, welsh, czech, slovak, german, ng
erman, danish, esperanto, spanish, catalan, galician, estonian, farsi, finnish,
 french, greek, monogreek, ancientgreek, croatian, hungarian, interlingua, ibyc
us, indonesian, icelandic, italian, latin, mongolian, dutch, norsk, polish, por
tuguese, pinyin, romanian, russian, slovenian, uppersorbian, serbian, swedish, 
turkish, ukenglish, ukrainian, loaded.
(./ditpaper.cls
Document Class: ditpaper 2004/08/19 (C) Emmet Caulfield
(/usr/local/texlive/2007/texmf-dist/tex/latex/fancyhdr/fancyhdr.sty
\fancy@headwidth=\skip41
\f@ncyO@elh=\skip42
\f@ncyO@erh=\skip43
\f@ncyO@olh=\skip44
\f@ncyO@orh=\skip45
\f@ncyO@elf=\skip46
\f@ncyO@erf=\skip47
\f@ncyO@olf=\skip48
\f@ncyO@orf=\skip49
)
(/usr/local/texlive/2007/texmf-dist/tex/latex/psnfss/times.sty
Package: times 2005/04/12 PSNFSS-v9.2a (SPQR) 
)
(/usr/local/texlive/2007/texmf-dist/tex/latex/base/article.cls
Document Class: article 2005/09/16 v1.4f Standard LaTeX document class
(/usr/local/texlive/2007/texmf-dist/tex/latex/base/size10.clo
File: size10.clo 2005/09/16 v1.4f Standard LaTeX file (size option)
)
\c@part=\count79
\c@section=\count80
\c@subsection=\count81
\c@subsubsection=\count82
\c@paragraph=\count83
\c@subparagraph=\count84
\c@figure=\count85
\c@table=\count86
\abovecaptionskip=\skip50
\belowcaptionskip=\skip51
\bibindent=\dimen102
)
\answidth=\skip52
\anspadding=\skip53
\answerbox=\box26
)
(/usr/local/texlive/2007/texmf-dist/tex/latex/rotating/rotating.sty
Package: rotating 1997/09/26, v2.13 Rotation package

(/usr/local/texlive/2007/texmf-dist/tex/latex/graphics/graphicx.sty
Package: graphicx 1999/02/16 v1.0f Enhanced LaTeX Graphics (DPC,SPQR)

(/usr/local/texlive/2007/texmf-dist/tex/latex/graphics/keyval.sty
Package: keyval 1999/03/16 v1.13 key=value parser (DPC)
\KV@toks@=\toks14
)
(/usr/local/texlive/2007/texmf-dist/tex/latex/graphics/graphics.sty
Package: graphics 2006/02/20 v1.0o Standard LaTeX Graphics (DPC,SPQR)

(/usr/local/texlive/2007/texmf-dist/tex/latex/graphics/trig.sty
Package: trig 1999/03/16 v1.09 sin cos tan (DPC)
)
(/usr/local/texlive/2007/texmf/tex/latex/config/graphics.cfg
File: graphics.cfg 2007/01/18 v1.5 graphics configuration of teTeX/TeXLive
)
Package graphics Info: Driver file: pdftex.def on input line 90.

(/usr/local/texlive/2007/texmf-dist/tex/latex/pdftex-def/pdftex.def
File: pdftex.def 2007/01/08 v0.04d Graphics/color for pdfTeX
\Gread@gobject=\count87
))
\Gin@req@height=\dimen103
\Gin@req@width=\dimen104
)
(/usr/local/texlive/2007/texmf-dist/tex/latex/base/ifthen.sty
Package: ifthen 2001/05/26 v1.1c Standard LaTeX ifthen package (DPC)
)
\c@r@tfl@t=\count88
\rot@float@box=\box27
)
(./paper-Questions.aux)
\openout1 = `paper-Questions.aux'.

LaTeX Font Info:    Checking defaults for OML/cmm/m/it on input line 31.
LaTeX Font Info:    ... okay on input line 31.
LaTeX Font Info:    Checking defaults for T1/cmr/m/n on input line 31.
LaTeX Font Info:    ... okay on input line 31.
LaTeX Font Info:    Checking defaults for OT1/cmr/m/n on input line 31.
LaTeX Font Info:    ... okay on input line 31.
LaTeX Font Info:    Checking defaults for OMS/cmsy/m/n on input line 31.
LaTeX Font Info:    ... okay on input line 31.
LaTeX Font Info:    Checking defaults for OMX/cmex/m/n on input line 31.
LaTeX Font Info:    ... okay on input line 31.
LaTeX Font Info:    Checking defaults for U/cmr/m/n on input line 31.
LaTeX Font Info:    ... okay on input line 31.
LaTeX Font Info:    Try loading font information for OT1+ptm on input line 31.

(/usr/local/texlive/2007/texmf-dist/tex/latex/psnfss/ot1ptm.fd
File: ot1ptm.fd 2001/06/04 font definitions for OT1/ptm.
)
\saved@parskip=\skip54
LaTeX Font Info:    Font shape `OT1/ptm/bx/n' in size <10> not available
(Font)              Font shape `OT1/ptm/b/n' tried instead on input line 31.
LaTeX Font Info:    Font shape `OT1/ptm/bx/n' in size <20.74> not available
(Font)              Font shape `OT1/ptm/b/n' tried instead on input line 31.
LaTeX Font Info:    Font shape `OT1/ptm/bx/n' in size <12> not available
(Font)              Font shape `OT1/ptm/b/n' tried instead on input line 31.
LaTeX Font Info:    Font shape `OT1/ptm/bx/n' in size <14.4> not available
(Font)              Font shape `OT1/ptm/b/n' tried instead on input line 31.
LaTeX Font Info:    Font shape `OT1/ptm/bx/sc' in size <14.4> not available
(Font)              Font shape `OT1/ptm/b/sc' tried instead on input line 31.
LaTeX Font Info:    External font `cmex10' loaded for size
(Font)              <12> on input line 31.
LaTeX Font Info:    External font `cmex10' loaded for size
(Font)              <8> on input line 31.
LaTeX Font Info:    External font `cmex10' loaded for size
(Font)              <6> on input line 31.
 [1

{/usr/local/texlive/2007/texmf-var/fonts/map/pdftex/updmap/pdftex.map}]
(/usr/local/texlive/2007/texmf-dist/tex/context/base/supp-pdf.tex
[Loading MPS to PDF converter (version 2006.09.02).]
\scratchcounter=\count89
\scratchdimen=\dimen105
\scratchbox=\box28
\nofMPsegments=\count90
\nofMParguments=\count91
\MPscratchCnt=\count92
\MPscratchDim=\dimen106
\MPnumerator=\count93
\everyMPtoPDFconversion=\toks15
)
LaTeX Font Info:    Try loading font information for OT1+phv on input line 41.
 (/usr/local/texlive/2007/texmf-dist/tex/latex/psnfss/ot1phv.fd
File: ot1phv.fd 2001/06/04 scalable font definitions for OT1/phv.
)
Missing character: There is no Ð in font phvr7t!
LaTeX Font Info:    External font `cmex10' loaded for size
(Font)              <7> on input line 43.
LaTeX Font Info:    External font `cmex10' loaded for size
(Font)              <5> on input line 43.
LaTeX Font Info:    Font shape `OT1/phv/bx/n' in size <10> not available
(Font)              Font shape `OT1/phv/b/n' tried instead on input line 47.
LaTeX Font Info:    Font shape `OT1/phv/m/it' in size <10> not available
(Font)              Font shape `OT1/phv/m/sl' tried instead on input line 52.

<./images/curve-fitting5.png, id=9, 497.86pt x 428.60126pt>
File: ./images/curve-fitting5.png Graphic file (type png)

<use ./images/curve-fitting5.png>
LaTeX Font Info:    Try loading font information for OMS+phv on input line 62.

(/usr/local/texlive/2007/texmf-dist/tex/latex/psnfss/omsphv.fd
File: omsphv.fd 
)
LaTeX Font Info:    Font shape `OMS/phv/m/n' in size <10> not available
(Font)              Font shape `OMS/cmsy/m/n' tried instead on input line 62.
 [1] [2]
Underfull \hbox (badness 10000) in paragraph at lines 155--161

 []

LaTeX Font Info:    Try loading font information for OMS+ptm on input line 181.

(/usr/local/texlive/2007/texmf-dist/tex/latex/psnfss/omsptm.fd
File: omsptm.fd 
)
LaTeX Font Info:    Font shape `OMS/ptm/m/n' in size <10> not available
(Font)              Font shape `OMS/cmsy/m/n' tried instead on input line 181.
 [3]
Missing character: There is no Þ in font phvr7t!

<./images/nuclearpowerstationbayesiannet.png, id=23, 507.8975pt x 244.915pt>
File: ./images/nuclearpowerstationbayesiannet.png Graphic file (type png)

<use ./images/nuclearpowerstationbayesiannet.png>
Underfull \hbox (badness 1478) in paragraph at lines 236--238
[]\OT1/phv/m/n/10 The key as-pects are: the fail-ure nodes are par-ents of the
 []


Underfull \hbox (badness 1087) in paragraph at lines 236--238
\OT1/phv/m/n/10 of cor-re-la-tion that makes it difcult for hu-mans to un-der-s
tand
 []


Underfull \hbox (badness 10000) in paragraph at lines 236--238

 []

<./images/cpt_node_g_q142.png, id=24, 582.175pt x 211.79124pt>
File: ./images/cpt_node_g_q142.png Graphic file (type png)

<use ./images/cpt_node_g_q142.png>
Underfull \hbox (badness 10000) in paragraph at lines 242--244
[]\OT1/phv/m/n/10 Note the se-man-tics of $\OML/cmm/m/it/10 F[]$ \OT1/phv/m/n/1
0 , which is true
 []


Underfull \hbox (badness 10000) in paragraph at lines 242--244
\OT1/phv/m/n/10 when the gauge is faulty, i.e., not work-ing.
 []


Underfull \hbox (badness 10000) in paragraph at lines 242--244

 []

[4]
Overfull \hbox (27.34723pt too wide) in paragraph at lines 323--324
[]\OT1/ptm/m/n/10 Briefly de-scribe a tech-nique for find-ing op-ti-mal val-ues
 for the terms $\OML/cmm/m/it/10 w[]; w[]; [] ; w[]$
 []


Underfull \hbox (badness 10000) in paragraph at lines 339--343

 []


Underfull \hbox (badness 10000) in paragraph at lines 347--351

 []


Underfull \hbox (badness 1163) in paragraph at lines 355--358
\OT1/phv/m/n/10 node feeds-forward into more than 1 out-put node the er-rors
 []


Underfull \hbox (badness 10000) in paragraph at lines 355--358

 []

<./images/nn_callan_q10_2.png, id=30, 1027.84pt x 770.88pt>
File: ./images/nn_callan_q10_2.png Graphic file (type png)

<use ./images/nn_callan_q10_2.png> [5 <./images/nn_callan_q10_2.png (PNG copy)>
] (./paper-Questions.aux) ) 
Here is how much of TeX's memory you used:
 1316 strings out of 94073
 17160 string characters out of 1162983
 69122 words of memory out of 1500000
 4604 multiletter control sequences out of 10000+50000
 22325 words of font info for 44 fonts, out of 1200000 for 2000
 645 hyphenation exceptions out of 8191
 32i,10n,45p,738b,756s stack positions out of 5000i,500n,6000p,200000b,5000s
{/usr/local/texlive/2007/texmf-dist/fonts/enc/dvips/
base/8r.enc}</usr/local/texlive/2007/texmf-dist/fonts/type1/bluesky/cm/cmmi10.p
fb></usr/local/texlive/2007/texmf-dist/fonts/type1/bluesky/cm/cmmi5.pfb></usr/l
ocal/texlive/2007/texmf-dist/fonts/type1/bluesky/cm/cmmi7.pfb></usr/local/texli
ve/2007/texmf-dist/fonts/type1/bluesky/cm/cmmi8.pfb></usr/local/texlive/2007/te
xmf-dist/fonts/type1/bluesky/cm/cmr10.pfb></usr/local/texlive/2007/texmf-dist/f
onts/type1/bluesky/cm/cmr12.pfb></usr/local/texlive/2007/texmf-dist/fonts/type1
/bluesky/cm/cmr7.pfb></usr/local/texlive/2007/texmf-dist/fonts/type1/bluesky/cm
/cmsy10.pfb></usr/local/texlive/2007/texmf-dist/fonts/type1/bluesky/cm/cmsy5.pf
b></usr/local/texlive/2007/texmf-dist/fonts/type1/urw/times/utmb8a.pfb></usr/lo
cal/texlive/2007/texmf-dist/fonts/type1/urw/times/utmr8a.pfb></usr/local/texliv
e/2007/texmf-dist/fonts/type1/urw/times/utmri8a.pfb>
Output written on paper-Questions.pdf (6 pages, 160150 bytes).
PDF statistics:
 74 PDF objects out of 1000 (max. 8388607)
 0 named destinations out of 1000 (max. 131072)
 21 words of extra memory for PDF output out of 10000 (max. 10000000)

