This is pdfeTeX, Version 3.141592-1.30.4-2.2 (Web2C 7.5.5) (format=pdflatex 2006.2.9)  17 APR 2008 17:13
entering extended mode
**paper-Questions.tex
(./paper-Questions.tex
LaTeX2e <2003/12/01>
Babel <v3.8d> and hyphenation patterns for american, french, german, ngerman, d
utch, italian, norsk, portuges, spanish, swedish, nohyphenation, loaded.
(./ditpaper.cls
Document Class: ditpaper 2004/08/19 (C) Emmet Caulfield
(/usr/local/teTeX/share/texmf.tetex/tex/latex/fancyhdr/fancyhdr.sty
\fancy@headwidth=\skip41
\f@ncyO@elh=\skip42
\f@ncyO@erh=\skip43
\f@ncyO@olh=\skip44
\f@ncyO@orh=\skip45
\f@ncyO@elf=\skip46
\f@ncyO@erf=\skip47
\f@ncyO@olf=\skip48
\f@ncyO@orf=\skip49
)
(/usr/local/teTeX/share/texmf.tetex/tex/latex/psnfss/times.sty
Package: times 2004/09/15 PSNFSS-v9.2 (SPQR) 
)
(/usr/local/teTeX/share/texmf.tetex/tex/latex/base/article.cls
Document Class: article 2004/02/16 v1.4f Standard LaTeX document class
(/usr/local/teTeX/share/texmf.tetex/tex/latex/base/size10.clo
File: size10.clo 2004/02/16 v1.4f Standard LaTeX file (size option)
)
\c@part=\count79
\c@section=\count80
\c@subsection=\count81
\c@subsubsection=\count82
\c@paragraph=\count83
\c@subparagraph=\count84
\c@figure=\count85
\c@table=\count86
\abovecaptionskip=\skip50
\belowcaptionskip=\skip51
\bibindent=\dimen102
)
\answidth=\skip52
\anspadding=\skip53
\answerbox=\box26
)
(/usr/local/teTeX/share/texmf.tetex/tex/latex/graphics/graphicx.sty
Package: graphicx 1999/02/16 v1.0f Enhanced LaTeX Graphics (DPC,SPQR)

(/usr/local/teTeX/share/texmf.tetex/tex/latex/graphics/keyval.sty
Package: keyval 1999/03/16 v1.13 key=value parser (DPC)
\KV@toks@=\toks14
)
(/usr/local/teTeX/share/texmf.tetex/tex/latex/graphics/graphics.sty
Package: graphics 2001/07/07 v1.0n Standard LaTeX Graphics (DPC,SPQR)

(/usr/local/teTeX/share/texmf.tetex/tex/latex/graphics/trig.sty
Package: trig 1999/03/16 v1.09 sin cos tan (DPC)
)
(/usr/local/teTeX/share/texmf.tetex/tex/latex/graphics/graphics.cfg
File: graphics.cfg 2005/02/03 v1.3 graphics configuration of teTeX/TeXLive
)
Package graphics Info: Driver file: pdftex.def on input line 80.

(/usr/local/teTeX/share/texmf.tetex/tex/latex/graphics/pdftex.def
File: pdftex.def 2002/06/19 v0.03k graphics/color for pdftex
\Gread@gobject=\count87
))
\Gin@req@height=\dimen103
\Gin@req@width=\dimen104
)
(./paper-Questions.aux)
\openout1 = `paper-Questions.aux'.

LaTeX Font Info:    Checking defaults for OML/cmm/m/it on input line 30.
LaTeX Font Info:    ... okay on input line 30.
LaTeX Font Info:    Checking defaults for T1/cmr/m/n on input line 30.
LaTeX Font Info:    ... okay on input line 30.
LaTeX Font Info:    Checking defaults for OT1/cmr/m/n on input line 30.
LaTeX Font Info:    ... okay on input line 30.
LaTeX Font Info:    Checking defaults for OMS/cmsy/m/n on input line 30.
LaTeX Font Info:    ... okay on input line 30.
LaTeX Font Info:    Checking defaults for OMX/cmex/m/n on input line 30.
LaTeX Font Info:    ... okay on input line 30.
LaTeX Font Info:    Checking defaults for U/cmr/m/n on input line 30.
LaTeX Font Info:    ... okay on input line 30.
LaTeX Font Info:    Try loading font information for OT1+ptm on input line 30.

(/usr/local/teTeX/share/texmf.tetex/tex/latex/psnfss/ot1ptm.fd
File: ot1ptm.fd 2001/06/04 font definitions for OT1/ptm.
)
\saved@parskip=\skip54
LaTeX Font Info:    Font shape `OT1/ptm/bx/n' in size <10> not available
(Font)              Font shape `OT1/ptm/b/n' tried instead on input line 30.
LaTeX Font Info:    Font shape `OT1/ptm/bx/n' in size <20.74> not available
(Font)              Font shape `OT1/ptm/b/n' tried instead on input line 30.
LaTeX Font Info:    Font shape `OT1/ptm/bx/n' in size <12> not available
(Font)              Font shape `OT1/ptm/b/n' tried instead on input line 30.
LaTeX Font Info:    Font shape `OT1/ptm/bx/n' in size <14.4> not available
(Font)              Font shape `OT1/ptm/b/n' tried instead on input line 30.
LaTeX Font Info:    Font shape `OT1/ptm/bx/sc' in size <14.4> not available
(Font)              Font shape `OT1/ptm/b/sc' tried instead on input line 30.
 [1

{/usr/local/teTeX/share/texmf.local/fonts/map/pdftex/updmap/pdftex.map}]
(/usr/local/teTeX/share/texmf.local/tex/context/base/supp-pdf.tex
(/usr/local/teTeX/share/texmf.local/tex/context/base/supp-mis.tex
loading : Context Support Macros / Miscellaneous (2004.10.26)
\protectiondepth=\count88
\scratchcounter=\count89
\scratchtoks=\toks15
\scratchdimen=\dimen105
\scratchskip=\skip55
\scratchmuskip=\muskip10
\scratchbox=\box27
\scratchread=\read1
\scratchwrite=\write3
\zeropoint=\dimen106
\onepoint=\dimen107
\onebasepoint=\dimen108
\minusone=\count90
\thousandpoint=\dimen109
\onerealpoint=\dimen110
\emptytoks=\toks16
\nextbox=\box28
\nextdepth=\dimen111
\everyline=\toks17
\!!counta=\count91
\!!countb=\count92
\recursecounter=\count93
)
loading : Context Support Macros / PDF (2004.03.26)
\nofMPsegments=\count94
\nofMParguments=\count95
\MPscratchCnt=\count96
\MPscratchDim=\dimen112
\MPnumerator=\count97
\everyMPtoPDFconversion=\toks18
)
LaTeX Font Info:    Try loading font information for OT1+phv on input line 37.
 (/usr/local/teTeX/share/texmf.tetex/tex/latex/psnfss/ot1phv.fd
File: ot1phv.fd 2001/06/04 scalable font definitions for OT1/phv.
)
LaTeX Font Info:    Font shape `OT1/phv/bx/n' in size <10> not available
(Font)              Font shape `OT1/phv/b/n' tried instead on input line 38.
LaTeX Font Info:    External font `cmex10' loaded for size
(Font)              <7> on input line 39.
LaTeX Font Info:    External font `cmex10' loaded for size
(Font)              <5> on input line 39.
LaTeX Font Info:    Try loading font information for OMS+phv on input line 60.

(/usr/local/teTeX/share/texmf.tetex/tex/latex/psnfss/omsphv.fd
File: omsphv.fd 
)
LaTeX Font Info:    Font shape `OMS/phv/m/n' in size <10> not available
(Font)              Font shape `OMS/cmsy/m/n' tried instead on input line 60.
Missing character: There is no Þ in font phvr7t!

<./images/nuclearpowerstationbayesiannet.png, id=11, 507.8975pt x 244.915pt>
File: ./images/nuclearpowerstationbayesiannet.png Graphic file (type png)

<use ./images/nuclearpowerstationbayesiannet.png>
Underfull \hbox (badness 1478) in paragraph at lines 87--89
[]\OT1/phv/m/n/10 The key as-pects are: the fail-ure nodes are par-ents of the
 []


Underfull \hbox (badness 1087) in paragraph at lines 87--89
\OT1/phv/m/n/10 of cor-re-la-tion that makes it difcult for hu-mans to un-der-s
tand
 []


Underfull \hbox (badness 10000) in paragraph at lines 87--89

 []

<./images/cpt_node_g_q142.png, id=12, 582.175pt x 211.79124pt>
File: ./images/cpt_node_g_q142.png Graphic file (type png)

<use ./images/cpt_node_g_q142.png>
Underfull \hbox (badness 10000) in paragraph at lines 93--95
[]\OT1/phv/m/n/10 Note the se-man-tics of $\OML/cmm/m/it/10 F[]$ \OT1/phv/m/n/1
0 , which is true
 []


Underfull \hbox (badness 10000) in paragraph at lines 93--95
\OT1/phv/m/n/10 when the gauge is faulty, i.e., not work-ing.
 []


Underfull \hbox (badness 10000) in paragraph at lines 93--95

 []

[1]
Missing character: There is no Þ in font phvr7t!
Missing character: There is no Þ in font phvr7t!
Missing character: There is no Ð in font phvr7t!

Underfull \hbox (badness 10000) in paragraph at lines 182--186

 []


Underfull \hbox (badness 10000) in paragraph at lines 190--194

 []


Underfull \hbox (badness 1281) in paragraph at lines 198--201
[]\OT1/phv/m/n/10 Each hid-den node $\OML/cmm/m/it/10 j$ \OT1/phv/m/n/10 is re-
spon-si-ble for some frac-tion of the er-
 []


Underfull \hbox (badness 2990) in paragraph at lines 198--201
\OT1/phv/m/n/10 ror $\OML/cmm/m/it/10 Err[]$ \OT1/phv/m/n/10 of each of the out
-put units $\OML/cmm/m/it/10 i$ \OT1/phv/m/n/10 to which it con-nects.
 []


Underfull \hbox (badness 1377) in paragraph at lines 198--201
\OT1/phv/m/n/10 Thus the $\OML/cmm/m/it/10 Err[]$ \OT1/phv/m/n/10 val-ues are d
i-vided ac-cord-ing to the strengths of
 []


Underfull \hbox (badness 1571) in paragraph at lines 198--201
\OT1/phv/m/n/10 the con-nec-tion be-tween the hid-den node and the out-put node
s
 []


Underfull \hbox (badness 1509) in paragraph at lines 198--201
\OT1/phv/m/n/10 and are prop-a-gated back to the hid-den nodes. Where a hid-
 []


Underfull \hbox (badness 1152) in paragraph at lines 198--201
\OT1/phv/m/n/10 prop-a-gated back to it are summed: $\OML/cmm/m/it/10 Err[] \OT
1/cmr/m/n/10 = [][] \OML/cmm/m/it/10 W[] \OMS/cmsy/m/n/10 ^^B \OML/cmm/m/it/10 
Err[]$\OT1/phv/m/n/10 :
 []


Underfull \hbox (badness 1152) in paragraph at lines 198--201
\OML/cmm/m/it/10 Err[] \OT1/cmr/m/n/10 = (\OMS/cmsy/m/n/10 ^^@\OT1/cmr/m/n/10 0
\OML/cmm/m/it/10 :\OT1/cmr/m/n/10 3 \OMS/cmsy/m/n/10 ^^B ^^@\OT1/cmr/m/n/10 0\O
ML/cmm/m/it/10 :\OT1/cmr/m/n/10 532) + (\OMS/cmsy/m/n/10 ^^@\OT1/cmr/m/n/10 0\O
ML/cmm/m/it/10 :\OT1/cmr/m/n/10 6 \OMS/cmsy/m/n/10 ^^B \OT1/cmr/m/n/10 0\OML/cm
m/m/it/10 :\OT1/cmr/m/n/10 508) + (0\OML/cmm/m/it/10 :\OT1/cmr/m/n/10 4 \OMS/cm
sy/m/n/10 ^^B ^^@\OT1/cmr/m/n/10 0\OML/cmm/m/it/10 :\OT1/cmr/m/n/10 696) =
 []


Underfull \hbox (badness 1895) in paragraph at lines 198--201
\OML/cmm/m/it/10 Err[] \OT1/cmr/m/n/10 = (0\OML/cmm/m/it/10 :\OT1/cmr/m/n/10 9 
\OMS/cmsy/m/n/10 ^^B ^^@\OT1/cmr/m/n/10 0\OML/cmm/m/it/10 :\OT1/cmr/m/n/10 532)
 + (\OMS/cmsy/m/n/10 ^^@\OT1/cmr/m/n/10 0\OML/cmm/m/it/10 :\OT1/cmr/m/n/10 1 \O
MS/cmsy/m/n/10 ^^B \OT1/cmr/m/n/10 0\OML/cmm/m/it/10 :\OT1/cmr/m/n/10 508) + (1
\OML/cmm/m/it/10 :\OT1/cmr/m/n/10 2 \OMS/cmsy/m/n/10 ^^B ^^@\OT1/cmr/m/n/10 0\O
ML/cmm/m/it/10 :\OT1/cmr/m/n/10 696) =
 []


Underfull \hbox (badness 10000) in paragraph at lines 198--201

 []


Underfull \hbox (badness 10000) in paragraph at lines 205--218

 []

<./images/nn_callan_q10_2.png, id=28, 1027.84pt x 770.88pt>
File: ./images/nn_callan_q10_2.png Graphic file (type png)

<use ./images/nn_callan_q10_2.png> [2] [3 <./images/nn_callan_q10_2.png (PNG co
py)>] (./paper-Questions.aux) ) 
Here is how much of TeX's memory you used:
 1203 strings out of 95137
 15355 string characters out of 1183014
 2059285 words of memory out of 4514120
 4374 multiletter control sequences out of 10000+50000
 17236 words of font info for 32 fonts, out of 2000000 for 2000
 58 hyphenation exceptions out of 5000
 29i,10n,45p,882b,753s stack positions out of 5000i,500n,6000p,200000b,40000s
PDF statistics:
 40 PDF objects out of 300000
 0 named destinations out of 131072
 16 words of extra memory for PDF output out of 10000
</usr/local/teTeX/share/texmf.tetex/fonts/type1/
bluesky/cm/cmmi5.pfb></usr/local/teTeX/share/texmf.tetex/fonts/type1/bluesky/cm
/cmsy5.pfb></usr/local/teTeX/share/texmf.tetex/fonts/type1/bluesky/cm/cmr10.pfb
></usr/local/teTeX/share/texmf.tetex/fonts/type1/bluesky/cm/cmmi7.pfb></usr/loc
al/teTeX/share/texmf.tetex/fonts/type1/bluesky/cm/cmr7.pfb></usr/local/teTeX/sh
are/texmf.tetex/fonts/type1/bluesky/cm/cmmi10.pfb>{/usr/local/teTeX/share/texmf
.tetex/fonts/enc/dvips/psnfss/8r.enc}</usr/local/teTeX/share/texmf.tetex/fonts/
type1/urw/times/utmb8a.pfb></usr/local/teTeX/share/texmf.tetex/fonts/type1/urw/
times/utmr8a.pfb>
Output written on paper-Questions.pdf (4 pages, 139334 bytes).
